[0.115s] DEBUG:colcon:Command line arguments: ['/usr/bin/colcon', 'build', '--packages-select', 'obstacle_detector', '--symlink-install']
[0.115s] DEBUG:colcon:Parsed command line arguments: Namespace(log_base=None, log_level=None, verb_name='build', build_base='build', install_base='install', merge_install=False, symlink_install=True, test_result_base=None, continue_on_error=False, executor='parallel', parallel_workers=8, event_handlers=None, ignore_user_meta=False, metas=['./colcon.meta'], base_paths=['.'], packages_ignore=None, packages_ignore_regex=None, paths=None, packages_up_to=None, packages_up_to_regex=None, packages_above=None, packages_above_and_dependencies=None, packages_above_depth=None, packages_select_by_dep=None, packages_skip_by_dep=None, packages_skip_up_to=None, packages_select_build_failed=False, packages_skip_build_finished=False, packages_select_test_failures=False, packages_skip_test_passed=False, packages_select=['obstacle_detector'], packages_skip=None, packages_select_regex=None, packages_skip_regex=None, packages_start=None, packages_end=None, allow_overriding=[], cmake_args=None, cmake_target=None, cmake_target_skip_unavailable=False, cmake_clean_cache=False, cmake_clean_first=False, cmake_force_configure=False, ament_cmake_args=None, catkin_cmake_args=None, catkin_skip_building_tests=False, mixin_files=None, mixin=None, verb_parser=<colcon_mixin.mixin.mixin_argument.MixinArgumentDecorator object at 0x7d7c45ea8ce0>, verb_extension=<colcon_core.verb.build.BuildVerb object at 0x7d7c45e22a80>, main=<bound method BuildVerb.main of <colcon_core.verb.build.BuildVerb object at 0x7d7c45e22a80>>, mixin_verb=('build',))
[0.153s] Level 1:colcon.colcon_core.package_discovery:discover_packages(colcon_meta) check parameters
[0.153s] Level 1:colcon.colcon_core.package_discovery:discover_packages(recursive) check parameters
[0.153s] Level 1:colcon.colcon_core.package_discovery:discover_packages(ignore) check parameters
[0.153s] Level 1:colcon.colcon_core.package_discovery:discover_packages(path) check parameters
[0.153s] Level 1:colcon.colcon_core.package_discovery:discover_packages(colcon_meta) discover
[0.153s] Level 1:colcon.colcon_core.package_discovery:discover_packages(recursive) discover
[0.153s] INFO:colcon.colcon_core.package_discovery:Crawling recursively for packages in '/home/hello-sungjun/ros2_ws/src/obstacle_detector'
[0.153s] Level 1:colcon.colcon_core.package_identification:_identify(.) by extensions ['ignore', 'ignore_ament_install']
[0.153s] Level 1:colcon.colcon_core.package_identification:_identify(.) by extension 'ignore'
[0.153s] Level 1:colcon.colcon_core.package_identification:_identify(.) by extension 'ignore_ament_install'
[0.153s] Level 1:colcon.colcon_core.package_identification:_identify(.) by extensions ['colcon_pkg']
[0.153s] Level 1:colcon.colcon_core.package_identification:_identify(.) by extension 'colcon_pkg'
[0.153s] Level 1:colcon.colcon_core.package_identification:_identify(.) by extensions ['colcon_meta']
[0.153s] Level 1:colcon.colcon_core.package_identification:_identify(.) by extension 'colcon_meta'
[0.153s] Level 1:colcon.colcon_core.package_identification:_identify(.) by extensions ['ros']
[0.154s] Level 1:colcon.colcon_core.package_identification:_identify(.) by extension 'ros'
[0.182s] DEBUG:colcon.colcon_core.package_identification:Package '.' with type 'ros.ament_cmake' and name 'obstacle_detector'
[0.182s] Level 1:colcon.colcon_core.package_discovery:discover_packages(recursive) using defaults
[0.182s] Level 1:colcon.colcon_core.package_discovery:discover_packages(ignore) discover
[0.182s] Level 1:colcon.colcon_core.package_discovery:discover_packages(ignore) using defaults
[0.182s] Level 1:colcon.colcon_core.package_discovery:discover_packages(path) discover
[0.182s] Level 1:colcon.colcon_core.package_discovery:discover_packages(path) using defaults
[0.200s] Level 1:colcon.colcon_core.package_discovery:discover_packages(prefix_path) check parameters
[0.200s] Level 1:colcon.colcon_core.package_discovery:discover_packages(prefix_path) discover
[0.202s] DEBUG:colcon.colcon_installed_package_information.package_discovery:Found 417 installed packages in /opt/ros/jazzy
[0.204s] Level 1:colcon.colcon_core.package_discovery:discover_packages(prefix_path) using defaults
[0.264s] Level 5:colcon.colcon_core.verb:set package 'obstacle_detector' build argument 'cmake_args' from command line to 'None'
[0.264s] Level 5:colcon.colcon_core.verb:set package 'obstacle_detector' build argument 'cmake_target' from command line to 'None'
[0.264s] Level 5:colcon.colcon_core.verb:set package 'obstacle_detector' build argument 'cmake_target_skip_unavailable' from command line to 'False'
[0.264s] Level 5:colcon.colcon_core.verb:set package 'obstacle_detector' build argument 'cmake_clean_cache' from command line to 'False'
[0.264s] Level 5:colcon.colcon_core.verb:set package 'obstacle_detector' build argument 'cmake_clean_first' from command line to 'False'
[0.264s] Level 5:colcon.colcon_core.verb:set package 'obstacle_detector' build argument 'cmake_force_configure' from command line to 'False'
[0.264s] Level 5:colcon.colcon_core.verb:set package 'obstacle_detector' build argument 'ament_cmake_args' from command line to 'None'
[0.264s] Level 5:colcon.colcon_core.verb:set package 'obstacle_detector' build argument 'catkin_cmake_args' from command line to 'None'
[0.264s] Level 5:colcon.colcon_core.verb:set package 'obstacle_detector' build argument 'catkin_skip_building_tests' from command line to 'False'
[0.264s] DEBUG:colcon.colcon_core.verb:Building package 'obstacle_detector' with the following arguments: {'ament_cmake_args': None, 'build_base': '/home/hello-sungjun/ros2_ws/src/obstacle_detector/build/obstacle_detector', 'catkin_cmake_args': None, 'catkin_skip_building_tests': False, 'cmake_args': None, 'cmake_clean_cache': False, 'cmake_clean_first': False, 'cmake_force_configure': False, 'cmake_target': None, 'cmake_target_skip_unavailable': False, 'install_base': '/home/hello-sungjun/ros2_ws/src/obstacle_detector/install/obstacle_detector', 'merge_install': False, 'path': '/home/hello-sungjun/ros2_ws/src/obstacle_detector', 'symlink_install': True, 'test_result_base': None}
[0.265s] INFO:colcon.colcon_core.executor:Executing jobs using 'parallel' executor
[0.265s] DEBUG:colcon.colcon_parallel_executor.executor.parallel:run_until_complete
[0.265s] INFO:colcon.colcon_ros.task.ament_cmake.build:Building ROS package in '/home/hello-sungjun/ros2_ws/src/obstacle_detector' with build type 'ament_cmake'
[0.265s] INFO:colcon.colcon_cmake.task.cmake.build:Building CMake package in '/home/hello-sungjun/ros2_ws/src/obstacle_detector'
[0.267s] INFO:colcon.colcon_core.plugin_system:Skipping extension 'colcon_core.shell.bat': Not used on non-Windows systems
[0.267s] INFO:colcon.colcon_core.shell:Skip shell extension 'powershell' for command environment: Not usable outside of PowerShell
[0.267s] DEBUG:colcon.colcon_core.shell:Skip shell extension 'dsv' for command environment
[0.275s] DEBUG:colcon.colcon_core.event_handler.log_command:Invoking command in '/home/hello-sungjun/ros2_ws/src/obstacle_detector/build/obstacle_detector': CMAKE_PREFIX_PATH=${CMAKE_PREFIX_PATH}:/opt/ros/jazzy DEBUGINFOD_URLS=https://debuginfod.ubuntu.com /usr/bin/cmake /home/hello-sungjun/ros2_ws/src/obstacle_detector -DAMENT_CMAKE_SYMLINK_INSTALL=1 -DCMAKE_INSTALL_PREFIX=/home/hello-sungjun/ros2_ws/src/obstacle_detector/install/obstacle_detector
[4.444s] DEBUG:colcon.colcon_core.event_handler.log_command:Invoked command in '/home/hello-sungjun/ros2_ws/src/obstacle_detector/build/obstacle_detector' returned '0': CMAKE_PREFIX_PATH=${CMAKE_PREFIX_PATH}:/opt/ros/jazzy DEBUGINFOD_URLS=https://debuginfod.ubuntu.com /usr/bin/cmake /home/hello-sungjun/ros2_ws/src/obstacle_detector -DAMENT_CMAKE_SYMLINK_INSTALL=1 -DCMAKE_INSTALL_PREFIX=/home/hello-sungjun/ros2_ws/src/obstacle_detector/install/obstacle_detector
[4.446s] DEBUG:colcon.colcon_core.event_handler.log_command:Invoking command in '/home/hello-sungjun/ros2_ws/src/obstacle_detector/build/obstacle_detector': CMAKE_PREFIX_PATH=${CMAKE_PREFIX_PATH}:/opt/ros/jazzy DEBUGINFOD_URLS=https://debuginfod.ubuntu.com /usr/bin/cmake --build /home/hello-sungjun/ros2_ws/src/obstacle_detector/build/obstacle_detector -- -j8 -l8
[32.117s] DEBUG:colcon.colcon_core.event_handler.log_command:Invoked command in '/home/hello-sungjun/ros2_ws/src/obstacle_detector/build/obstacle_detector' returned '2': CMAKE_PREFIX_PATH=${CMAKE_PREFIX_PATH}:/opt/ros/jazzy DEBUGINFOD_URLS=https://debuginfod.ubuntu.com /usr/bin/cmake --build /home/hello-sungjun/ros2_ws/src/obstacle_detector/build/obstacle_detector -- -j8 -l8
[32.117s] Level 1:colcon.colcon_core.environment:create_environment_scripts_only(obstacle_detector)
[32.120s] Level 1:colcon.colcon_core.environment:checking '/home/hello-sungjun/ros2_ws/src/obstacle_detector/install/obstacle_detector' for CMake module files
[32.121s] Level 1:colcon.colcon_core.environment:checking '/home/hello-sungjun/ros2_ws/src/obstacle_detector/install/obstacle_detector' for CMake config files
[32.122s] Level 1:colcon.colcon_core.environment:checking '/home/hello-sungjun/ros2_ws/src/obstacle_detector/install/obstacle_detector/bin'
[32.122s] Level 1:colcon.colcon_core.environment:checking '/home/hello-sungjun/ros2_ws/src/obstacle_detector/install/obstacle_detector/lib/pkgconfig/obstacle_detector.pc'
[32.122s] Level 1:colcon.colcon_core.environment:checking '/home/hello-sungjun/ros2_ws/src/obstacle_detector/install/obstacle_detector/lib/python3.12/site-packages'
[32.123s] Level 1:colcon.colcon_core.environment:checking '/home/hello-sungjun/ros2_ws/src/obstacle_detector/install/obstacle_detector/bin'
[32.123s] INFO:colcon.colcon_core.shell:Creating package script '/home/hello-sungjun/ros2_ws/src/obstacle_detector/install/obstacle_detector/share/obstacle_detector/package.ps1'
[32.124s] INFO:colcon.colcon_core.shell:Creating package descriptor '/home/hello-sungjun/ros2_ws/src/obstacle_detector/install/obstacle_detector/share/obstacle_detector/package.dsv'
[32.125s] INFO:colcon.colcon_core.shell:Creating package script '/home/hello-sungjun/ros2_ws/src/obstacle_detector/install/obstacle_detector/share/obstacle_detector/package.sh'
[32.125s] INFO:colcon.colcon_core.shell:Creating package script '/home/hello-sungjun/ros2_ws/src/obstacle_detector/install/obstacle_detector/share/obstacle_detector/package.bash'
[32.126s] INFO:colcon.colcon_core.shell:Creating package script '/home/hello-sungjun/ros2_ws/src/obstacle_detector/install/obstacle_detector/share/obstacle_detector/package.zsh'
[32.127s] Level 1:colcon.colcon_core.environment:create_file_with_runtime_dependencies(/home/hello-sungjun/ros2_ws/src/obstacle_detector/install/obstacle_detector/share/colcon-core/packages/obstacle_detector)
[32.138s] DEBUG:colcon.colcon_parallel_executor.executor.parallel:closing loop
[32.138s] DEBUG:colcon.colcon_parallel_executor.executor.parallel:loop closed
[32.138s] DEBUG:colcon.colcon_parallel_executor.executor.parallel:run_until_complete finished with '2'
[32.138s] DEBUG:colcon.colcon_core.event_reactor:joining thread
[32.145s] INFO:colcon.colcon_core.plugin_system:Skipping extension 'colcon_notification.desktop_notification.terminal_notifier': Not used on non-Darwin systems
[32.145s] INFO:colcon.colcon_core.plugin_system:Skipping extension 'colcon_notification.desktop_notification.win32': Not used on non-Windows systems
[32.145s] INFO:colcon.colcon_notification.desktop_notification:Sending desktop notification using 'notify2'
[32.165s] DEBUG:colcon.colcon_core.event_reactor:joined thread
[32.165s] INFO:colcon.colcon_core.shell:Creating prefix script '/home/hello-sungjun/ros2_ws/src/obstacle_detector/install/local_setup.ps1'
[32.166s] INFO:colcon.colcon_core.shell:Creating prefix util module '/home/hello-sungjun/ros2_ws/src/obstacle_detector/install/_local_setup_util_ps1.py'
[32.167s] INFO:colcon.colcon_core.shell:Creating prefix chain script '/home/hello-sungjun/ros2_ws/src/obstacle_detector/install/setup.ps1'
[32.169s] INFO:colcon.colcon_core.shell:Creating prefix script '/home/hello-sungjun/ros2_ws/src/obstacle_detector/install/local_setup.sh'
[32.169s] INFO:colcon.colcon_core.shell:Creating prefix util module '/home/hello-sungjun/ros2_ws/src/obstacle_detector/install/_local_setup_util_sh.py'
[32.170s] INFO:colcon.colcon_core.shell:Creating prefix chain script '/home/hello-sungjun/ros2_ws/src/obstacle_detector/install/setup.sh'
[32.171s] INFO:colcon.colcon_core.shell:Creating prefix script '/home/hello-sungjun/ros2_ws/src/obstacle_detector/install/local_setup.bash'
[32.172s] INFO:colcon.colcon_core.shell:Creating prefix chain script '/home/hello-sungjun/ros2_ws/src/obstacle_detector/install/setup.bash'
[32.173s] INFO:colcon.colcon_core.shell:Creating prefix script '/home/hello-sungjun/ros2_ws/src/obstacle_detector/install/local_setup.zsh'
[32.173s] INFO:colcon.colcon_core.shell:Creating prefix chain script '/home/hello-sungjun/ros2_ws/src/obstacle_detector/install/setup.zsh'
