[0mCMake Deprecation Warning at /opt/ros/jazzy/share/rosidl_cmake/cmake/rosidl_target_interfaces.cmake:32 (message):
  Use rosidl_get_typesupport_target() and target_link_libraries() instead of
  rosidl_target_interfaces().  i.e:

    rosidl_get_typesupport_target(cpp_typesupport_target "${PROJECT_NAME}" "rosidl_typesupport_cpp")
    target_link_libraries(${PROJECT_NAME}_node "${cpp_typesupport_target}")

Call Stack (most recent call first):
  CMakeLists.txt:61 (rosidl_target_interfaces)

[0m
[0mCMake Deprecation Warning at /opt/ros/jazzy/share/rosidl_cmake/cmake/rosidl_target_interfaces.cmake:32 (message):
  Use rosidl_get_typesupport_target() and target_link_libraries() instead of
  rosidl_target_interfaces().  i.e:

    rosidl_get_typesupport_target(cpp_typesupport_target "${PROJECT_NAME}" "rosidl_typesupport_cpp")
    target_link_libraries(${PROJECT_NAME}_node "${cpp_typesupport_target}")

Call Stack (most recent call first):
  CMakeLists.txt:95 (rosidl_target_interfaces)

[0m
In file included from [01m[K/home/hello-sungjun/ros2_ws/src/obstacle_detector/include/obstacle_detector/obstacle_extractor.hpp:28[m[K,
                 from [01m[K/home/hello-sungjun/ros2_ws/src/obstacle_detector/src/nodes/obstacle_extractor_node.cpp:7[m[K:
[01m[K/home/hello-sungjun/ros2_ws/src/obstacle_detector/include/obstacle_detector/utilities/segment.h:[m[K In member function ‘[01m[Kobstacle_detector::Point obstacle_detector::Segment::[01;32m[KtrueProjection[m[K(const obstacle_detector::Point&) const[m[K’:
[01m[K/home/hello-sungjun/ros2_ws/src/obstacle_detector/include/obstacle_detector/utilities/segment.h:78:11:[m[K [01;35m[Kwarning: [m[Kvariable ‘[01m[Kc[m[K’ set but not used [[01;35m[K]8;;https://gcc.gnu.org/onlinedocs/gcc/Warning-Options.html#index-Wunused-but-set-variable-Wunused-but-set-variable]8;;[m[K]
   78 |     Point [01;35m[Kc[m[K = p - last_point;
      |           [01;35m[K^[m[K
