[0.024s] Invoking command in '/home/hello-sungjun/ros2_ws/src/obstacle_detector/build/obstacle_detector': CMAKE_PREFIX_PATH=${CMAKE_PREFIX_PATH}:/opt/ros/jazzy DEBUGINFOD_URLS=https://debuginfod.ubuntu.com /usr/bin/cmake --build /home/hello-sungjun/ros2_ws/src/obstacle_detector/build/obstacle_detector -- -j8 -l8
[0.075s] -- Found ament_cmake: 2.5.4 (/opt/ros/jazzy/share/ament_cmake/cmake)
[0.129s] -- Found Python3: /usr/bin/python3 (found version "3.12.3") found components: Interpreter 
[0.281s] -- Override CMake install command with custom implementation using symlinks instead of copying resources
[0.298s] -- Found rclcpp: 28.1.12 (/opt/ros/jazzy/share/rclcpp/cmake)
[0.395s] -- Found rosidl_generator_c: 4.6.6 (/opt/ros/jazzy/share/rosidl_generator_c/cmake)
[0.432s] -- Found rosidl_generator_cpp: 4.6.6 (/opt/ros/jazzy/share/rosidl_generator_cpp/cmake)
[0.477s] -- Using all available rosidl_typesupport_c: rosidl_typesupport_fastrtps_c;rosidl_typesupport_introspection_c
[0.530s] -- Using all available rosidl_typesupport_cpp: rosidl_typesupport_fastrtps_cpp;rosidl_typesupport_introspection_cpp
[0.724s] -- Found rmw_implementation_cmake: 7.3.2 (/opt/ros/jazzy/share/rmw_implementation_cmake/cmake)
[0.729s] -- Found rmw_fastrtps_cpp: 8.4.3 (/opt/ros/jazzy/share/rmw_fastrtps_cpp/cmake)
[0.873s] -- Using RMW implementation 'rmw_fastrtps_cpp' as default
[1.073s] -- Found rclcpp_components: 28.1.12 (/opt/ros/jazzy/share/rclcpp_components/cmake)
[1.140s] -- Found std_msgs: 5.3.6 (/opt/ros/jazzy/share/std_msgs/cmake)
[1.174s] -- Found std_srvs: 5.3.6 (/opt/ros/jazzy/share/std_srvs/cmake)
[1.216s] -- Found geometry_msgs: 5.3.6 (/opt/ros/jazzy/share/geometry_msgs/cmake)
[1.255s] -- Found sensor_msgs: 5.3.6 (/opt/ros/jazzy/share/sensor_msgs/cmake)
[1.311s] -- Found tf2: 0.36.14 (/opt/ros/jazzy/share/tf2/cmake)
[1.321s] -- Found tf2_geometry_msgs: 0.36.14 (/opt/ros/jazzy/share/tf2_geometry_msgs/cmake)
[1.332s] -- Found eigen3_cmake_module: 0.3.0 (/opt/ros/jazzy/share/eigen3_cmake_module/cmake)
[1.336s] -- Ensuring Eigen3 include directory is part of orocos-kdl CMake target
[1.591s] -- Found rosidl_default_generators: 1.6.0 (/opt/ros/jazzy/share/rosidl_default_generators/cmake)
[1.611s] -- Found rosidl_adapter: 4.6.6 (/opt/ros/jazzy/share/rosidl_adapter/cmake)
[2.279s] -- Found ament_cmake_ros: 0.12.0 (/opt/ros/jazzy/share/ament_cmake_ros/cmake)
[2.950s] -- Using all available rosidl_typesupport_c: rosidl_typesupport_fastrtps_c;rosidl_typesupport_introspection_c
[3.191s] -- Using all available rosidl_typesupport_cpp: rosidl_typesupport_fastrtps_cpp;rosidl_typesupport_introspection_cpp
[3.195s] -- Found python_cmake_module: 0.11.1 (/opt/ros/jazzy/share/python_cmake_module/cmake)
[3.852s] -- Found Python3: /usr/bin/python3 (found version "3.12.3") found components: Interpreter Development NumPy Development.Module Development.Embed 
[3.986s] -- Configuring done (3.9s)
[4.128s] -- Generating done (0.1s)
[4.169s] -- Build files have been written to: /home/hello-sungjun/ros2_ws/src/obstacle_detector/build/obstacle_detector
[4.246s] [  1%] Built target obstacle_detector__rosidl_generator_type_description
[4.260s] [  1%] Built target ament_cmake_python_symlink_obstacle_detector
[4.285s] [  3%] Built target obstacle_detector__cpp
[4.295s] [ 22%] Built target obstacle_detector__rosidl_generator_c
[4.365s] [ 39%] Built target obstacle_detector__rosidl_typesupport_cpp
[4.365s] [ 39%] Built target obstacle_detector__rosidl_typesupport_introspection_c
[4.368s] [ 55%] Built target obstacle_detector__rosidl_typesupport_fastrtps_c
[4.368s] [ 56%] Built target obstacle_detector__rosidl_typesupport_fastrtps_cpp
[4.369s] [ 65%] Built target obstacle_detector__rosidl_typesupport_c
[4.372s] [ 74%] Built target obstacle_detector__rosidl_typesupport_introspection_cpp
[4.412s] [ 74%] Built target obstacle_detector
[4.444s] [ 75%] [32mBuilding CXX object CMakeFiles/obstacle_extractor.dir/src/obstacle_extractor.cpp.o[0m
[4.461s] [ 77%] Built target obstacle_detector__py
[4.508s] [ 84%] Built target obstacle_detector__rosidl_generator_py
[4.564s] [ 87%] Built target obstacle_detector_s__rosidl_typesupport_fastrtps_c
[4.565s] [ 91%] Built target obstacle_detector_s__rosidl_typesupport_c
[4.568s] [ 94%] Built target obstacle_detector_s__rosidl_typesupport_introspection_c
[4.831s] running egg_info
[4.912s] writing obstacle_detector.egg-info/PKG-INFO
[4.913s] writing dependency_links to obstacle_detector.egg-info/dependency_links.txt
[4.914s] writing top-level names to obstacle_detector.egg-info/top_level.txt
[5.144s] reading manifest file 'obstacle_detector.egg-info/SOURCES.txt'
[5.146s] writing manifest file 'obstacle_detector.egg-info/SOURCES.txt'
[5.221s] [ 94%] Built target ament_cmake_python_build_obstacle_detector_egg
[10.128s] In file included from [01m[K/home/hello-sungjun/ros2_ws/src/obstacle_detector/include/obstacle_detector/obstacle_extractor.hpp:28[m[K,
[10.128s]                  from [01m[K/home/hello-sungjun/ros2_ws/src/obstacle_detector/src/obstacle_extractor.cpp:5[m[K:
[10.128s] [01m[K/home/hello-sungjun/ros2_ws/src/obstacle_detector/include/obstacle_detector/utilities/segment.h:[m[K In member function ‘[01m[Kobstacle_detector::Point obstacle_detector::Segment::[01;32m[KtrueProjection[m[K(const obstacle_detector::Point&) const[m[K’:
[10.129s] [01m[K/home/hello-sungjun/ros2_ws/src/obstacle_detector/include/obstacle_detector/utilities/segment.h:78:11:[m[K [01;35m[Kwarning: [m[Kvariable ‘[01m[Kc[m[K’ set but not used [[01;35m[K]8;;https://gcc.gnu.org/onlinedocs/gcc/Warning-Options.html#index-Wunused-but-set-variable-Wunused-but-set-variable]8;;[m[K]
[10.129s]    78 |     Point [01;35m[Kc[m[K = p - last_point;
[10.129s]       |           [01;35m[K^[m[K
[34.426s] [ 96%] [32m[1mLinking CXX shared library libobstacle_extractor.so[0m
[35.464s] [ 96%] Built target obstacle_extractor
[35.520s] [ 98%] [32mBuilding CXX object CMakeFiles/obstacle_extractor_node.dir/src/nodes/obstacle_extractor_node.cpp.o[0m
[40.357s] In file included from [01m[K/home/hello-sungjun/ros2_ws/src/obstacle_detector/include/obstacle_detector/obstacle_extractor.hpp:28[m[K,
[40.357s]                  from [01m[K/home/hello-sungjun/ros2_ws/src/obstacle_detector/src/nodes/obstacle_extractor_node.cpp:7[m[K:
[40.357s] [01m[K/home/hello-sungjun/ros2_ws/src/obstacle_detector/include/obstacle_detector/utilities/segment.h:[m[K In member function ‘[01m[Kobstacle_detector::Point obstacle_detector::Segment::[01;32m[KtrueProjection[m[K(const obstacle_detector::Point&) const[m[K’:
[40.357s] [01m[K/home/hello-sungjun/ros2_ws/src/obstacle_detector/include/obstacle_detector/utilities/segment.h:78:11:[m[K [01;35m[Kwarning: [m[Kvariable ‘[01m[Kc[m[K’ set but not used [[01;35m[K]8;;https://gcc.gnu.org/onlinedocs/gcc/Warning-Options.html#index-Wunused-but-set-variable-Wunused-but-set-variable]8;;[m[K]
[40.357s]    78 |     Point [01;35m[Kc[m[K = p - last_point;
[40.357s]       |           [01;35m[K^[m[K
[42.157s] [100%] [32m[1mLinking CXX executable obstacle_extractor_node[0m
[42.894s] [100%] Built target obstacle_extractor_node
[42.917s] Invoked command in '/home/hello-sungjun/ros2_ws/src/obstacle_detector/build/obstacle_detector' returned '0': CMAKE_PREFIX_PATH=${CMAKE_PREFIX_PATH}:/opt/ros/jazzy DEBUGINFOD_URLS=https://debuginfod.ubuntu.com /usr/bin/cmake --build /home/hello-sungjun/ros2_ws/src/obstacle_detector/build/obstacle_detector -- -j8 -l8
[42.935s] Invoking command in '/home/hello-sungjun/ros2_ws/src/obstacle_detector/build/obstacle_detector': CMAKE_PREFIX_PATH=${CMAKE_PREFIX_PATH}:/opt/ros/jazzy DEBUGINFOD_URLS=https://debuginfod.ubuntu.com /usr/bin/cmake --install /home/hello-sungjun/ros2_ws/src/obstacle_detector/build/obstacle_detector
[42.950s] -- Install configuration: ""
[42.951s] -- Execute custom install script
[42.952s] -- Up-to-date symlink: /home/hello-sungjun/ros2_ws/src/obstacle_detector/install/obstacle_detector/share/ament_index/resource_index/rosidl_interfaces/obstacle_detector
[42.952s] -- Up-to-date symlink: /home/hello-sungjun/ros2_ws/src/obstacle_detector/install/obstacle_detector/share/obstacle_detector/msg/CircleObstacle.json
[42.953s] -- Up-to-date symlink: /home/hello-sungjun/ros2_ws/src/obstacle_detector/install/obstacle_detector/share/obstacle_detector/msg/SegmentObstacle.json
[42.953s] -- Up-to-date symlink: /home/hello-sungjun/ros2_ws/src/obstacle_detector/install/obstacle_detector/share/obstacle_detector/msg/Obstacles.json
[42.954s] -- Up-to-date symlink: /home/hello-sungjun/ros2_ws/src/obstacle_detector/install/obstacle_detector/include/obstacle_detector/obstacle_detector/msg/circle_obstacle.h
[42.954s] -- Up-to-date symlink: /home/hello-sungjun/ros2_ws/src/obstacle_detector/install/obstacle_detector/include/obstacle_detector/obstacle_detector/msg/detail/circle_obstacle__functions.h
[42.954s] -- Up-to-date symlink: /home/hello-sungjun/ros2_ws/src/obstacle_detector/install/obstacle_detector/include/obstacle_detector/obstacle_detector/msg/detail/circle_obstacle__struct.h
[42.955s] -- Up-to-date symlink: /home/hello-sungjun/ros2_ws/src/obstacle_detector/install/obstacle_detector/include/obstacle_detector/obstacle_detector/msg/detail/circle_obstacle__type_support.h
[42.955s] -- Up-to-date symlink: /home/hello-sungjun/ros2_ws/src/obstacle_detector/install/obstacle_detector/include/obstacle_detector/obstacle_detector/msg/detail/obstacles__functions.h
[42.955s] -- Up-to-date symlink: /home/hello-sungjun/ros2_ws/src/obstacle_detector/install/obstacle_detector/include/obstacle_detector/obstacle_detector/msg/detail/obstacles__struct.h
[42.955s] -- Up-to-date symlink: /home/hello-sungjun/ros2_ws/src/obstacle_detector/install/obstacle_detector/include/obstacle_detector/obstacle_detector/msg/detail/obstacles__type_support.h
[42.955s] -- Up-to-date symlink: /home/hello-sungjun/ros2_ws/src/obstacle_detector/install/obstacle_detector/include/obstacle_detector/obstacle_detector/msg/detail/segment_obstacle__functions.h
[42.956s] -- Up-to-date symlink: /home/hello-sungjun/ros2_ws/src/obstacle_detector/install/obstacle_detector/include/obstacle_detector/obstacle_detector/msg/detail/segment_obstacle__struct.h
[42.956s] -- Up-to-date symlink: /home/hello-sungjun/ros2_ws/src/obstacle_detector/install/obstacle_detector/include/obstacle_detector/obstacle_detector/msg/detail/segment_obstacle__type_support.h
[42.956s] -- Up-to-date symlink: /home/hello-sungjun/ros2_ws/src/obstacle_detector/install/obstacle_detector/include/obstacle_detector/obstacle_detector/msg/obstacles.h
[42.956s] -- Up-to-date symlink: /home/hello-sungjun/ros2_ws/src/obstacle_detector/install/obstacle_detector/include/obstacle_detector/obstacle_detector/msg/rosidl_generator_c__visibility_control.h
[42.956s] -- Up-to-date symlink: /home/hello-sungjun/ros2_ws/src/obstacle_detector/install/obstacle_detector/include/obstacle_detector/obstacle_detector/msg/segment_obstacle.h
[42.957s] -- Up-to-date symlink: /home/hello-sungjun/ros2_ws/src/obstacle_detector/install/obstacle_detector/share/obstacle_detector/environment/library_path.sh
[42.957s] -- Up-to-date symlink: /home/hello-sungjun/ros2_ws/src/obstacle_detector/install/obstacle_detector/share/obstacle_detector/environment/library_path.dsv
[42.958s] -- Up-to-date symlink: /home/hello-sungjun/ros2_ws/src/obstacle_detector/install/obstacle_detector/include/obstacle_detector/obstacle_detector/msg/detail/circle_obstacle__rosidl_typesupport_fastrtps_c.h
[42.959s] -- Up-to-date symlink: /home/hello-sungjun/ros2_ws/src/obstacle_detector/install/obstacle_detector/include/obstacle_detector/obstacle_detector/msg/detail/obstacles__rosidl_typesupport_fastrtps_c.h
[42.959s] -- Up-to-date symlink: /home/hello-sungjun/ros2_ws/src/obstacle_detector/install/obstacle_detector/include/obstacle_detector/obstacle_detector/msg/detail/segment_obstacle__rosidl_typesupport_fastrtps_c.h
[42.959s] -- Up-to-date symlink: /home/hello-sungjun/ros2_ws/src/obstacle_detector/install/obstacle_detector/include/obstacle_detector/obstacle_detector/msg/rosidl_typesupport_fastrtps_c__visibility_control.h
[42.960s] -- Up-to-date symlink: /home/hello-sungjun/ros2_ws/src/obstacle_detector/install/obstacle_detector/include/obstacle_detector/obstacle_detector/msg/circle_obstacle.hpp
[42.960s] -- Up-to-date symlink: /home/hello-sungjun/ros2_ws/src/obstacle_detector/install/obstacle_detector/include/obstacle_detector/obstacle_detector/msg/detail/circle_obstacle__builder.hpp
[42.961s] -- Up-to-date symlink: /home/hello-sungjun/ros2_ws/src/obstacle_detector/install/obstacle_detector/include/obstacle_detector/obstacle_detector/msg/detail/circle_obstacle__struct.hpp
[42.961s] -- Up-to-date symlink: /home/hello-sungjun/ros2_ws/src/obstacle_detector/install/obstacle_detector/include/obstacle_detector/obstacle_detector/msg/detail/circle_obstacle__traits.hpp
[42.961s] -- Up-to-date symlink: /home/hello-sungjun/ros2_ws/src/obstacle_detector/install/obstacle_detector/include/obstacle_detector/obstacle_detector/msg/detail/circle_obstacle__type_support.hpp
[42.962s] -- Up-to-date symlink: /home/hello-sungjun/ros2_ws/src/obstacle_detector/install/obstacle_detector/include/obstacle_detector/obstacle_detector/msg/detail/obstacles__builder.hpp
[42.962s] -- Up-to-date symlink: /home/hello-sungjun/ros2_ws/src/obstacle_detector/install/obstacle_detector/include/obstacle_detector/obstacle_detector/msg/detail/obstacles__struct.hpp
[42.962s] -- Up-to-date symlink: /home/hello-sungjun/ros2_ws/src/obstacle_detector/install/obstacle_detector/include/obstacle_detector/obstacle_detector/msg/detail/obstacles__traits.hpp
[42.962s] -- Up-to-date symlink: /home/hello-sungjun/ros2_ws/src/obstacle_detector/install/obstacle_detector/include/obstacle_detector/obstacle_detector/msg/detail/obstacles__type_support.hpp
[42.962s] -- Up-to-date symlink: /home/hello-sungjun/ros2_ws/src/obstacle_detector/install/obstacle_detector/include/obstacle_detector/obstacle_detector/msg/detail/segment_obstacle__builder.hpp
[42.963s] -- Up-to-date symlink: /home/hello-sungjun/ros2_ws/src/obstacle_detector/install/obstacle_detector/include/obstacle_detector/obstacle_detector/msg/detail/segment_obstacle__struct.hpp
[42.963s] -- Up-to-date symlink: /home/hello-sungjun/ros2_ws/src/obstacle_detector/install/obstacle_detector/include/obstacle_detector/obstacle_detector/msg/detail/segment_obstacle__traits.hpp
[42.963s] -- Up-to-date symlink: /home/hello-sungjun/ros2_ws/src/obstacle_detector/install/obstacle_detector/include/obstacle_detector/obstacle_detector/msg/detail/segment_obstacle__type_support.hpp
[42.963s] -- Up-to-date symlink: /home/hello-sungjun/ros2_ws/src/obstacle_detector/install/obstacle_detector/include/obstacle_detector/obstacle_detector/msg/obstacles.hpp
[42.964s] -- Up-to-date symlink: /home/hello-sungjun/ros2_ws/src/obstacle_detector/install/obstacle_detector/include/obstacle_detector/obstacle_detector/msg/rosidl_generator_cpp__visibility_control.hpp
[42.964s] -- Up-to-date symlink: /home/hello-sungjun/ros2_ws/src/obstacle_detector/install/obstacle_detector/include/obstacle_detector/obstacle_detector/msg/segment_obstacle.hpp
[42.965s] -- Up-to-date symlink: /home/hello-sungjun/ros2_ws/src/obstacle_detector/install/obstacle_detector/include/obstacle_detector/obstacle_detector/msg/detail/circle_obstacle__rosidl_typesupport_fastrtps_cpp.hpp
[42.965s] -- Up-to-date symlink: /home/hello-sungjun/ros2_ws/src/obstacle_detector/install/obstacle_detector/include/obstacle_detector/obstacle_detector/msg/detail/obstacles__rosidl_typesupport_fastrtps_cpp.hpp
[42.966s] -- Up-to-date symlink: /home/hello-sungjun/ros2_ws/src/obstacle_detector/install/obstacle_detector/include/obstacle_detector/obstacle_detector/msg/detail/segment_obstacle__rosidl_typesupport_fastrtps_cpp.hpp
[42.966s] -- Up-to-date symlink: /home/hello-sungjun/ros2_ws/src/obstacle_detector/install/obstacle_detector/include/obstacle_detector/obstacle_detector/msg/rosidl_typesupport_fastrtps_cpp__visibility_control.h
[42.966s] -- Up-to-date symlink: /home/hello-sungjun/ros2_ws/src/obstacle_detector/install/obstacle_detector/include/obstacle_detector/obstacle_detector/msg/detail/circle_obstacle__rosidl_typesupport_introspection_c.h
[42.967s] -- Up-to-date symlink: /home/hello-sungjun/ros2_ws/src/obstacle_detector/install/obstacle_detector/include/obstacle_detector/obstacle_detector/msg/detail/obstacles__rosidl_typesupport_introspection_c.h
[42.967s] -- Up-to-date symlink: /home/hello-sungjun/ros2_ws/src/obstacle_detector/install/obstacle_detector/include/obstacle_detector/obstacle_detector/msg/detail/segment_obstacle__rosidl_typesupport_introspection_c.h
[42.967s] -- Up-to-date symlink: /home/hello-sungjun/ros2_ws/src/obstacle_detector/install/obstacle_detector/include/obstacle_detector/obstacle_detector/msg/rosidl_typesupport_introspection_c__visibility_control.h
[42.968s] -- Up-to-date symlink: /home/hello-sungjun/ros2_ws/src/obstacle_detector/install/obstacle_detector/include/obstacle_detector/obstacle_detector/msg/detail/circle_obstacle__rosidl_typesupport_introspection_cpp.hpp
[42.968s] -- Up-to-date symlink: /home/hello-sungjun/ros2_ws/src/obstacle_detector/install/obstacle_detector/include/obstacle_detector/obstacle_detector/msg/detail/obstacles__rosidl_typesupport_introspection_cpp.hpp
[42.968s] -- Up-to-date symlink: /home/hello-sungjun/ros2_ws/src/obstacle_detector/install/obstacle_detector/include/obstacle_detector/obstacle_detector/msg/detail/segment_obstacle__rosidl_typesupport_introspection_cpp.hpp
[42.968s] -- Up-to-date symlink: /home/hello-sungjun/ros2_ws/src/obstacle_detector/install/obstacle_detector/share/obstacle_detector/environment/pythonpath.sh
[42.969s] -- Up-to-date symlink: /home/hello-sungjun/ros2_ws/src/obstacle_detector/install/obstacle_detector/share/obstacle_detector/environment/pythonpath.dsv
[42.969s] -- Up-to-date symlink: /home/hello-sungjun/ros2_ws/src/obstacle_detector/install/obstacle_detector/lib/python3.12/site-packages/obstacle_detector-1.0.0-py3.12.egg-info/PKG-INFO
[42.970s] -- Up-to-date symlink: /home/hello-sungjun/ros2_ws/src/obstacle_detector/install/obstacle_detector/lib/python3.12/site-packages/obstacle_detector-1.0.0-py3.12.egg-info/SOURCES.txt
[42.970s] -- Up-to-date symlink: /home/hello-sungjun/ros2_ws/src/obstacle_detector/install/obstacle_detector/lib/python3.12/site-packages/obstacle_detector-1.0.0-py3.12.egg-info/dependency_links.txt
[42.970s] -- Up-to-date symlink: /home/hello-sungjun/ros2_ws/src/obstacle_detector/install/obstacle_detector/lib/python3.12/site-packages/obstacle_detector-1.0.0-py3.12.egg-info/top_level.txt
[42.971s] -- Up-to-date symlink: /home/hello-sungjun/ros2_ws/src/obstacle_detector/install/obstacle_detector/lib/python3.12/site-packages/obstacle_detector/__init__.py
[42.972s] -- Up-to-date symlink: /home/hello-sungjun/ros2_ws/src/obstacle_detector/install/obstacle_detector/lib/python3.12/site-packages/obstacle_detector/_obstacle_detector_s.ep.rosidl_typesupport_c.c
[42.972s] -- Up-to-date symlink: /home/hello-sungjun/ros2_ws/src/obstacle_detector/install/obstacle_detector/lib/python3.12/site-packages/obstacle_detector/_obstacle_detector_s.ep.rosidl_typesupport_fastrtps_c.c
[42.972s] -- Up-to-date symlink: /home/hello-sungjun/ros2_ws/src/obstacle_detector/install/obstacle_detector/lib/python3.12/site-packages/obstacle_detector/_obstacle_detector_s.ep.rosidl_typesupport_introspection_c.c
[42.972s] -- Up-to-date symlink: /home/hello-sungjun/ros2_ws/src/obstacle_detector/install/obstacle_detector/lib/python3.12/site-packages/obstacle_detector/msg/__init__.py
[42.972s] -- Up-to-date symlink: /home/hello-sungjun/ros2_ws/src/obstacle_detector/install/obstacle_detector/lib/python3.12/site-packages/obstacle_detector/msg/_circle_obstacle.py
[42.973s] -- Up-to-date symlink: /home/hello-sungjun/ros2_ws/src/obstacle_detector/install/obstacle_detector/lib/python3.12/site-packages/obstacle_detector/msg/_circle_obstacle_s.c
[42.973s] -- Up-to-date symlink: /home/hello-sungjun/ros2_ws/src/obstacle_detector/install/obstacle_detector/lib/python3.12/site-packages/obstacle_detector/msg/_obstacles.py
[42.973s] -- Up-to-date symlink: /home/hello-sungjun/ros2_ws/src/obstacle_detector/install/obstacle_detector/lib/python3.12/site-packages/obstacle_detector/msg/_obstacles_s.c
[42.973s] -- Up-to-date symlink: /home/hello-sungjun/ros2_ws/src/obstacle_detector/install/obstacle_detector/lib/python3.12/site-packages/obstacle_detector/msg/_segment_obstacle.py
[42.974s] -- Up-to-date symlink: /home/hello-sungjun/ros2_ws/src/obstacle_detector/install/obstacle_detector/lib/python3.12/site-packages/obstacle_detector/msg/_segment_obstacle_s.c
[42.974s] -- Up-to-date symlink: /home/hello-sungjun/ros2_ws/src/obstacle_detector/install/obstacle_detector/lib/python3.12/site-packages/obstacle_detector/obstacle_detector_s__rosidl_typesupport_c.so
[42.974s] -- Up-to-date symlink: /home/hello-sungjun/ros2_ws/src/obstacle_detector/install/obstacle_detector/lib/python3.12/site-packages/obstacle_detector/obstacle_detector_s__rosidl_typesupport_fastrtps_c.so
[42.974s] -- Up-to-date symlink: /home/hello-sungjun/ros2_ws/src/obstacle_detector/install/obstacle_detector/lib/python3.12/site-packages/obstacle_detector/obstacle_detector_s__rosidl_typesupport_introspection_c.so
[42.975s] -- Up-to-date symlink: /home/hello-sungjun/ros2_ws/src/obstacle_detector/install/obstacle_detector/lib/python3.12/site-packages/obstacle_detector/obstacle_detector_s__rosidl_typesupport_fastrtps_c.so
[42.975s] -- Up-to-date symlink: /home/hello-sungjun/ros2_ws/src/obstacle_detector/install/obstacle_detector/lib/python3.12/site-packages/obstacle_detector/obstacle_detector_s__rosidl_typesupport_introspection_c.so
[42.976s] -- Up-to-date symlink: /home/hello-sungjun/ros2_ws/src/obstacle_detector/install/obstacle_detector/lib/python3.12/site-packages/obstacle_detector/obstacle_detector_s__rosidl_typesupport_c.so
[42.977s] -- Up-to-date symlink: /home/hello-sungjun/ros2_ws/src/obstacle_detector/install/obstacle_detector/share/obstacle_detector/msg/CircleObstacle.idl
[42.977s] -- Up-to-date symlink: /home/hello-sungjun/ros2_ws/src/obstacle_detector/install/obstacle_detector/share/obstacle_detector/msg/SegmentObstacle.idl
[42.977s] -- Up-to-date symlink: /home/hello-sungjun/ros2_ws/src/obstacle_detector/install/obstacle_detector/share/obstacle_detector/msg/Obstacles.idl
[42.978s] -- Up-to-date symlink: /home/hello-sungjun/ros2_ws/src/obstacle_detector/install/obstacle_detector/share/obstacle_detector/msg/CircleObstacle.msg
[42.978s] -- Up-to-date symlink: /home/hello-sungjun/ros2_ws/src/obstacle_detector/install/obstacle_detector/share/obstacle_detector/msg/SegmentObstacle.msg
[42.978s] -- Up-to-date symlink: /home/hello-sungjun/ros2_ws/src/obstacle_detector/install/obstacle_detector/share/obstacle_detector/msg/Obstacles.msg
[42.979s] -- Up-to-date symlink: /home/hello-sungjun/ros2_ws/src/obstacle_detector/install/obstacle_detector/lib/libobstacle_extractor.so
[42.979s] -- Up-to-date symlink: /home/hello-sungjun/ros2_ws/src/obstacle_detector/install/obstacle_detector/lib/obstacle_detector/obstacle_extractor_node
[42.980s] -- Up-to-date symlink: /home/hello-sungjun/ros2_ws/src/obstacle_detector/install/obstacle_detector/include/obstacle_detector/obstacle_extractor.hpp
[42.980s] -- Up-to-date symlink: /home/hello-sungjun/ros2_ws/src/obstacle_detector/install/obstacle_detector/include/obstacle_detector/utilities/circle.h
[42.980s] -- Up-to-date symlink: /home/hello-sungjun/ros2_ws/src/obstacle_detector/install/obstacle_detector/include/obstacle_detector/utilities/figure_fitting.h
[42.981s] -- Up-to-date symlink: /home/hello-sungjun/ros2_ws/src/obstacle_detector/install/obstacle_detector/include/obstacle_detector/utilities/kalman.h
[42.981s] -- Up-to-date symlink: /home/hello-sungjun/ros2_ws/src/obstacle_detector/install/obstacle_detector/include/obstacle_detector/utilities/math_utilities.h
[42.981s] -- Up-to-date symlink: /home/hello-sungjun/ros2_ws/src/obstacle_detector/install/obstacle_detector/include/obstacle_detector/utilities/point.h
[42.981s] -- Up-to-date symlink: /home/hello-sungjun/ros2_ws/src/obstacle_detector/install/obstacle_detector/include/obstacle_detector/utilities/point_set.h
[42.982s] -- Up-to-date symlink: /home/hello-sungjun/ros2_ws/src/obstacle_detector/install/obstacle_detector/include/obstacle_detector/utilities/segment.h
[42.982s] -- Up-to-date symlink: /home/hello-sungjun/ros2_ws/src/obstacle_detector/install/obstacle_detector/include/obstacle_detector/utilities/tracked_obstacle.h
[42.982s] -- Up-to-date symlink: /home/hello-sungjun/ros2_ws/src/obstacle_detector/install/obstacle_detector/share/obstacle_detector/launch/obstacle_extractor.launch.py
[42.982s] -- Up-to-date symlink: /home/hello-sungjun/ros2_ws/src/obstacle_detector/install/obstacle_detector/share/obstacle_detector/config/params.yaml
[42.983s] -- Up-to-date symlink: /home/hello-sungjun/ros2_ws/src/obstacle_detector/install/obstacle_detector/share/ament_index/resource_index/package_run_dependencies/obstacle_detector
[42.984s] -- Up-to-date symlink: /home/hello-sungjun/ros2_ws/src/obstacle_detector/install/obstacle_detector/share/ament_index/resource_index/parent_prefix_path/obstacle_detector
[42.984s] -- Up-to-date symlink: /home/hello-sungjun/ros2_ws/src/obstacle_detector/install/obstacle_detector/share/obstacle_detector/environment/ament_prefix_path.sh
[42.984s] -- Up-to-date symlink: /home/hello-sungjun/ros2_ws/src/obstacle_detector/install/obstacle_detector/share/obstacle_detector/environment/ament_prefix_path.dsv
[42.985s] -- Up-to-date symlink: /home/hello-sungjun/ros2_ws/src/obstacle_detector/install/obstacle_detector/share/obstacle_detector/environment/path.sh
[42.985s] -- Up-to-date symlink: /home/hello-sungjun/ros2_ws/src/obstacle_detector/install/obstacle_detector/share/obstacle_detector/environment/path.dsv
[42.986s] -- Up-to-date symlink: /home/hello-sungjun/ros2_ws/src/obstacle_detector/install/obstacle_detector/share/obstacle_detector/local_setup.bash
[42.986s] -- Up-to-date symlink: /home/hello-sungjun/ros2_ws/src/obstacle_detector/install/obstacle_detector/share/obstacle_detector/local_setup.sh
[42.986s] -- Up-to-date symlink: /home/hello-sungjun/ros2_ws/src/obstacle_detector/install/obstacle_detector/share/obstacle_detector/local_setup.zsh
[42.986s] -- Up-to-date symlink: /home/hello-sungjun/ros2_ws/src/obstacle_detector/install/obstacle_detector/share/obstacle_detector/local_setup.dsv
[42.987s] -- Symlinking: /home/hello-sungjun/ros2_ws/src/obstacle_detector/install/obstacle_detector/share/obstacle_detector/package.dsv
[43.003s] -- Up-to-date symlink: /home/hello-sungjun/ros2_ws/src/obstacle_detector/install/obstacle_detector/share/ament_index/resource_index/packages/obstacle_detector
[43.003s] -- Up-to-date symlink: /home/hello-sungjun/ros2_ws/src/obstacle_detector/install/obstacle_detector/share/obstacle_detector/cmake/rosidl_cmake-extras.cmake
[43.004s] -- Up-to-date symlink: /home/hello-sungjun/ros2_ws/src/obstacle_detector/install/obstacle_detector/share/obstacle_detector/cmake/ament_cmake_export_dependencies-extras.cmake
[43.004s] -- Up-to-date symlink: /home/hello-sungjun/ros2_ws/src/obstacle_detector/install/obstacle_detector/share/obstacle_detector/cmake/ament_cmake_export_include_directories-extras.cmake
[43.004s] -- Up-to-date symlink: /home/hello-sungjun/ros2_ws/src/obstacle_detector/install/obstacle_detector/share/obstacle_detector/cmake/ament_cmake_export_libraries-extras.cmake
[43.005s] -- Up-to-date symlink: /home/hello-sungjun/ros2_ws/src/obstacle_detector/install/obstacle_detector/share/obstacle_detector/cmake/ament_cmake_export_targets-extras.cmake
[43.005s] -- Up-to-date symlink: /home/hello-sungjun/ros2_ws/src/obstacle_detector/install/obstacle_detector/share/obstacle_detector/cmake/rosidl_cmake_export_typesupport_targets-extras.cmake
[43.005s] -- Up-to-date symlink: /home/hello-sungjun/ros2_ws/src/obstacle_detector/install/obstacle_detector/share/obstacle_detector/cmake/rosidl_cmake_export_typesupport_libraries-extras.cmake
[43.005s] -- Up-to-date symlink: /home/hello-sungjun/ros2_ws/src/obstacle_detector/install/obstacle_detector/share/obstacle_detector/cmake/obstacle_detectorConfig.cmake
[43.006s] -- Up-to-date symlink: /home/hello-sungjun/ros2_ws/src/obstacle_detector/install/obstacle_detector/share/obstacle_detector/cmake/obstacle_detectorConfig-version.cmake
[43.006s] -- Up-to-date symlink: /home/hello-sungjun/ros2_ws/src/obstacle_detector/install/obstacle_detector/share/obstacle_detector/package.xml
[43.007s] -- Up-to-date: /home/hello-sungjun/ros2_ws/src/obstacle_detector/install/obstacle_detector/lib/libobstacle_detector__rosidl_generator_c.so
[43.007s] -- Up-to-date: /home/hello-sungjun/ros2_ws/src/obstacle_detector/install/obstacle_detector/lib/libobstacle_detector__rosidl_typesupport_fastrtps_c.so
[43.008s] -- Up-to-date: /home/hello-sungjun/ros2_ws/src/obstacle_detector/install/obstacle_detector/lib/libobstacle_detector__rosidl_typesupport_fastrtps_cpp.so
[43.009s] -- Up-to-date: /home/hello-sungjun/ros2_ws/src/obstacle_detector/install/obstacle_detector/lib/libobstacle_detector__rosidl_typesupport_introspection_c.so
[43.009s] -- Up-to-date: /home/hello-sungjun/ros2_ws/src/obstacle_detector/install/obstacle_detector/lib/libobstacle_detector__rosidl_typesupport_c.so
[43.010s] -- Up-to-date: /home/hello-sungjun/ros2_ws/src/obstacle_detector/install/obstacle_detector/lib/libobstacle_detector__rosidl_typesupport_introspection_cpp.so
[43.010s] -- Up-to-date: /home/hello-sungjun/ros2_ws/src/obstacle_detector/install/obstacle_detector/lib/libobstacle_detector__rosidl_typesupport_cpp.so
[43.081s] Listing '/home/hello-sungjun/ros2_ws/src/obstacle_detector/install/obstacle_detector/lib/python3.12/site-packages/obstacle_detector'...
[43.081s] Compiling '/home/hello-sungjun/ros2_ws/src/obstacle_detector/install/obstacle_detector/lib/python3.12/site-packages/obstacle_detector/__init__.py'...
[43.081s] Listing '/home/hello-sungjun/ros2_ws/src/obstacle_detector/install/obstacle_detector/lib/python3.12/site-packages/obstacle_detector/msg'...
[43.092s] -- Up-to-date: /home/hello-sungjun/ros2_ws/src/obstacle_detector/install/obstacle_detector/lib/libobstacle_detector__rosidl_generator_py.so
[43.092s] -- Up-to-date: /home/hello-sungjun/ros2_ws/src/obstacle_detector/install/obstacle_detector/share/obstacle_detector/cmake/export_obstacle_detector__rosidl_generator_cExport.cmake
[43.092s] -- Up-to-date: /home/hello-sungjun/ros2_ws/src/obstacle_detector/install/obstacle_detector/share/obstacle_detector/cmake/export_obstacle_detector__rosidl_generator_cExport-noconfig.cmake
[43.093s] -- Up-to-date: /home/hello-sungjun/ros2_ws/src/obstacle_detector/install/obstacle_detector/share/obstacle_detector/cmake/export_obstacle_detector__rosidl_typesupport_fastrtps_cExport.cmake
[43.093s] -- Up-to-date: /home/hello-sungjun/ros2_ws/src/obstacle_detector/install/obstacle_detector/share/obstacle_detector/cmake/export_obstacle_detector__rosidl_typesupport_fastrtps_cExport-noconfig.cmake
[43.093s] -- Up-to-date: /home/hello-sungjun/ros2_ws/src/obstacle_detector/install/obstacle_detector/share/obstacle_detector/cmake/export_obstacle_detector__rosidl_generator_cppExport.cmake
[43.093s] -- Up-to-date: /home/hello-sungjun/ros2_ws/src/obstacle_detector/install/obstacle_detector/share/obstacle_detector/cmake/export_obstacle_detector__rosidl_typesupport_fastrtps_cppExport.cmake
[43.094s] -- Up-to-date: /home/hello-sungjun/ros2_ws/src/obstacle_detector/install/obstacle_detector/share/obstacle_detector/cmake/export_obstacle_detector__rosidl_typesupport_fastrtps_cppExport-noconfig.cmake
[43.094s] -- Up-to-date: /home/hello-sungjun/ros2_ws/src/obstacle_detector/install/obstacle_detector/share/obstacle_detector/cmake/obstacle_detector__rosidl_typesupport_introspection_cExport.cmake
[43.094s] -- Up-to-date: /home/hello-sungjun/ros2_ws/src/obstacle_detector/install/obstacle_detector/share/obstacle_detector/cmake/obstacle_detector__rosidl_typesupport_introspection_cExport-noconfig.cmake
[43.094s] -- Up-to-date: /home/hello-sungjun/ros2_ws/src/obstacle_detector/install/obstacle_detector/share/obstacle_detector/cmake/obstacle_detector__rosidl_typesupport_cExport.cmake
[43.094s] -- Up-to-date: /home/hello-sungjun/ros2_ws/src/obstacle_detector/install/obstacle_detector/share/obstacle_detector/cmake/obstacle_detector__rosidl_typesupport_cExport-noconfig.cmake
[43.095s] -- Up-to-date: /home/hello-sungjun/ros2_ws/src/obstacle_detector/install/obstacle_detector/share/obstacle_detector/cmake/obstacle_detector__rosidl_typesupport_introspection_cppExport.cmake
[43.095s] -- Up-to-date: /home/hello-sungjun/ros2_ws/src/obstacle_detector/install/obstacle_detector/share/obstacle_detector/cmake/obstacle_detector__rosidl_typesupport_introspection_cppExport-noconfig.cmake
[43.095s] -- Up-to-date: /home/hello-sungjun/ros2_ws/src/obstacle_detector/install/obstacle_detector/share/obstacle_detector/cmake/obstacle_detector__rosidl_typesupport_cppExport.cmake
[43.095s] -- Up-to-date: /home/hello-sungjun/ros2_ws/src/obstacle_detector/install/obstacle_detector/share/obstacle_detector/cmake/obstacle_detector__rosidl_typesupport_cppExport-noconfig.cmake
[43.095s] -- Up-to-date: /home/hello-sungjun/ros2_ws/src/obstacle_detector/install/obstacle_detector/share/obstacle_detector/cmake/export_obstacle_detector__rosidl_generator_pyExport.cmake
[43.095s] -- Up-to-date: /home/hello-sungjun/ros2_ws/src/obstacle_detector/install/obstacle_detector/share/obstacle_detector/cmake/export_obstacle_detector__rosidl_generator_pyExport-noconfig.cmake
[43.098s] Invoked command in '/home/hello-sungjun/ros2_ws/src/obstacle_detector/build/obstacle_detector' returned '0': CMAKE_PREFIX_PATH=${CMAKE_PREFIX_PATH}:/opt/ros/jazzy DEBUGINFOD_URLS=https://debuginfod.ubuntu.com /usr/bin/cmake --install /home/hello-sungjun/ros2_ws/src/obstacle_detector/build/obstacle_detector
