[0.306s] DEBUG:colcon:Command line arguments: ['/usr/bin/colcon', 'build', '--packages-select', 'obstacle_detector', '--symlink-install']
[0.306s] DEBUG:colcon:Parsed command line arguments: Namespace(log_base=None, log_level=None, verb_name='build', build_base='build', install_base='install', merge_install=False, symlink_install=True, test_result_base=None, continue_on_error=False, executor='parallel', parallel_workers=8, event_handlers=None, ignore_user_meta=False, metas=['./colcon.meta'], base_paths=['.'], packages_ignore=None, packages_ignore_regex=None, paths=None, packages_up_to=None, packages_up_to_regex=None, packages_above=None, packages_above_and_dependencies=None, packages_above_depth=None, packages_select_by_dep=None, packages_skip_by_dep=None, packages_skip_up_to=None, packages_select_build_failed=False, packages_skip_build_finished=False, packages_select_test_failures=False, packages_skip_test_passed=False, packages_select=['obstacle_detector'], packages_skip=None, packages_select_regex=None, packages_skip_regex=None, packages_start=None, packages_end=None, allow_overriding=[], cmake_args=None, cmake_target=None, cmake_target_skip_unavailable=False, cmake_clean_cache=False, cmake_clean_first=False, cmake_force_configure=False, ament_cmake_args=None, catkin_cmake_args=None, catkin_skip_building_tests=False, mixin_files=None, mixin=None, verb_parser=<colcon_mixin.mixin.mixin_argument.MixinArgumentDecorator object at 0x7dc93398ccb0>, verb_extension=<colcon_core.verb.build.BuildVerb object at 0x7dc93390bfe0>, main=<bound method BuildVerb.main of <colcon_core.verb.build.BuildVerb object at 0x7dc93390bfe0>>, mixin_verb=('build',))
[0.462s] Level 1:colcon.colcon_core.package_discovery:discover_packages(colcon_meta) check parameters
[0.463s] Level 1:colcon.colcon_core.package_discovery:discover_packages(recursive) check parameters
[0.463s] Level 1:colcon.colcon_core.package_discovery:discover_packages(ignore) check parameters
[0.463s] Level 1:colcon.colcon_core.package_discovery:discover_packages(path) check parameters
[0.463s] Level 1:colcon.colcon_core.package_discovery:discover_packages(colcon_meta) discover
[0.463s] Level 1:colcon.colcon_core.package_discovery:discover_packages(recursive) discover
[0.463s] INFO:colcon.colcon_core.package_discovery:Crawling recursively for packages in '/home/hello-sungjun/ros2_ws/src/obstacle_detector'
[0.464s] Level 1:colcon.colcon_core.package_identification:_identify(.) by extensions ['ignore', 'ignore_ament_install']
[0.464s] Level 1:colcon.colcon_core.package_identification:_identify(.) by extension 'ignore'
[0.464s] Level 1:colcon.colcon_core.package_identification:_identify(.) by extension 'ignore_ament_install'
[0.464s] Level 1:colcon.colcon_core.package_identification:_identify(.) by extensions ['colcon_pkg']
[0.465s] Level 1:colcon.colcon_core.package_identification:_identify(.) by extension 'colcon_pkg'
[0.465s] Level 1:colcon.colcon_core.package_identification:_identify(.) by extensions ['colcon_meta']
[0.465s] Level 1:colcon.colcon_core.package_identification:_identify(.) by extension 'colcon_meta'
[0.465s] Level 1:colcon.colcon_core.package_identification:_identify(.) by extensions ['ros']
[0.465s] Level 1:colcon.colcon_core.package_identification:_identify(.) by extension 'ros'
[0.548s] DEBUG:colcon.colcon_core.package_identification:Package '.' with type 'ros.ament_cmake' and name 'obstacle_detector'
[0.549s] Level 1:colcon.colcon_core.package_discovery:discover_packages(recursive) using defaults
[0.549s] Level 1:colcon.colcon_core.package_discovery:discover_packages(ignore) discover
[0.549s] Level 1:colcon.colcon_core.package_discovery:discover_packages(ignore) using defaults
[0.549s] Level 1:colcon.colcon_core.package_discovery:discover_packages(path) discover
[0.549s] Level 1:colcon.colcon_core.package_discovery:discover_packages(path) using defaults
[0.589s] Level 1:colcon.colcon_core.package_discovery:discover_packages(prefix_path) check parameters
[0.589s] Level 1:colcon.colcon_core.package_discovery:discover_packages(prefix_path) discover
[0.597s] DEBUG:colcon.colcon_installed_package_information.package_discovery:Found 417 installed packages in /opt/ros/jazzy
[0.601s] Level 1:colcon.colcon_core.package_discovery:discover_packages(prefix_path) using defaults
[0.720s] Level 5:colcon.colcon_core.verb:set package 'obstacle_detector' build argument 'cmake_args' from command line to 'None'
[0.720s] Level 5:colcon.colcon_core.verb:set package 'obstacle_detector' build argument 'cmake_target' from command line to 'None'
[0.720s] Level 5:colcon.colcon_core.verb:set package 'obstacle_detector' build argument 'cmake_target_skip_unavailable' from command line to 'False'
[0.720s] Level 5:colcon.colcon_core.verb:set package 'obstacle_detector' build argument 'cmake_clean_cache' from command line to 'False'
[0.720s] Level 5:colcon.colcon_core.verb:set package 'obstacle_detector' build argument 'cmake_clean_first' from command line to 'False'
[0.720s] Level 5:colcon.colcon_core.verb:set package 'obstacle_detector' build argument 'cmake_force_configure' from command line to 'False'
[0.720s] Level 5:colcon.colcon_core.verb:set package 'obstacle_detector' build argument 'ament_cmake_args' from command line to 'None'
[0.720s] Level 5:colcon.colcon_core.verb:set package 'obstacle_detector' build argument 'catkin_cmake_args' from command line to 'None'
[0.721s] Level 5:colcon.colcon_core.verb:set package 'obstacle_detector' build argument 'catkin_skip_building_tests' from command line to 'False'
[0.721s] DEBUG:colcon.colcon_core.verb:Building package 'obstacle_detector' with the following arguments: {'ament_cmake_args': None, 'build_base': '/home/hello-sungjun/ros2_ws/src/obstacle_detector/build/obstacle_detector', 'catkin_cmake_args': None, 'catkin_skip_building_tests': False, 'cmake_args': None, 'cmake_clean_cache': False, 'cmake_clean_first': False, 'cmake_force_configure': False, 'cmake_target': None, 'cmake_target_skip_unavailable': False, 'install_base': '/home/hello-sungjun/ros2_ws/src/obstacle_detector/install/obstacle_detector', 'merge_install': False, 'path': '/home/hello-sungjun/ros2_ws/src/obstacle_detector', 'symlink_install': True, 'test_result_base': None}
[0.721s] INFO:colcon.colcon_core.executor:Executing jobs using 'parallel' executor
[0.722s] DEBUG:colcon.colcon_parallel_executor.executor.parallel:run_until_complete
[0.722s] INFO:colcon.colcon_ros.task.ament_cmake.build:Building ROS package in '/home/hello-sungjun/ros2_ws/src/obstacle_detector' with build type 'ament_cmake'
[0.723s] INFO:colcon.colcon_cmake.task.cmake.build:Building CMake package in '/home/hello-sungjun/ros2_ws/src/obstacle_detector'
[0.729s] INFO:colcon.colcon_core.plugin_system:Skipping extension 'colcon_core.shell.bat': Not used on non-Windows systems
[0.730s] INFO:colcon.colcon_core.shell:Skip shell extension 'powershell' for command environment: Not usable outside of PowerShell
[0.730s] DEBUG:colcon.colcon_core.shell:Skip shell extension 'dsv' for command environment
[0.747s] DEBUG:colcon.colcon_core.event_handler.log_command:Invoking command in '/home/hello-sungjun/ros2_ws/src/obstacle_detector/build/obstacle_detector': CMAKE_PREFIX_PATH=${CMAKE_PREFIX_PATH}:/opt/ros/jazzy DEBUGINFOD_URLS=https://debuginfod.ubuntu.com /usr/bin/cmake --build /home/hello-sungjun/ros2_ws/src/obstacle_detector/build/obstacle_detector -- -j8 -l8
[43.640s] DEBUG:colcon.colcon_core.event_handler.log_command:Invoked command in '/home/hello-sungjun/ros2_ws/src/obstacle_detector/build/obstacle_detector' returned '0': CMAKE_PREFIX_PATH=${CMAKE_PREFIX_PATH}:/opt/ros/jazzy DEBUGINFOD_URLS=https://debuginfod.ubuntu.com /usr/bin/cmake --build /home/hello-sungjun/ros2_ws/src/obstacle_detector/build/obstacle_detector -- -j8 -l8
[43.658s] DEBUG:colcon.colcon_core.event_handler.log_command:Invoking command in '/home/hello-sungjun/ros2_ws/src/obstacle_detector/build/obstacle_detector': CMAKE_PREFIX_PATH=${CMAKE_PREFIX_PATH}:/opt/ros/jazzy DEBUGINFOD_URLS=https://debuginfod.ubuntu.com /usr/bin/cmake --install /home/hello-sungjun/ros2_ws/src/obstacle_detector/build/obstacle_detector
[43.820s] Level 1:colcon.colcon_core.environment:create_environment_scripts_only(obstacle_detector)
[43.821s] DEBUG:colcon.colcon_core.event_handler.log_command:Invoked command in '/home/hello-sungjun/ros2_ws/src/obstacle_detector/build/obstacle_detector' returned '0': CMAKE_PREFIX_PATH=${CMAKE_PREFIX_PATH}:/opt/ros/jazzy DEBUGINFOD_URLS=https://debuginfod.ubuntu.com /usr/bin/cmake --install /home/hello-sungjun/ros2_ws/src/obstacle_detector/build/obstacle_detector
[43.830s] Level 1:colcon.colcon_core.environment:checking '/home/hello-sungjun/ros2_ws/src/obstacle_detector/install/obstacle_detector' for CMake module files
[43.832s] Level 1:colcon.colcon_core.environment:checking '/home/hello-sungjun/ros2_ws/src/obstacle_detector/install/obstacle_detector' for CMake config files
[43.833s] Level 1:colcon.colcon_core.shell:create_environment_hook('obstacle_detector', 'cmake_prefix_path')
[43.834s] INFO:colcon.colcon_core.shell:Creating environment hook '/home/hello-sungjun/ros2_ws/src/obstacle_detector/install/obstacle_detector/share/obstacle_detector/hook/cmake_prefix_path.ps1'
[43.836s] INFO:colcon.colcon_core.shell:Creating environment descriptor '/home/hello-sungjun/ros2_ws/src/obstacle_detector/install/obstacle_detector/share/obstacle_detector/hook/cmake_prefix_path.dsv'
[43.837s] INFO:colcon.colcon_core.shell:Creating environment hook '/home/hello-sungjun/ros2_ws/src/obstacle_detector/install/obstacle_detector/share/obstacle_detector/hook/cmake_prefix_path.sh'
[43.839s] Level 1:colcon.colcon_core.environment:checking '/home/hello-sungjun/ros2_ws/src/obstacle_detector/install/obstacle_detector/lib'
[43.839s] Level 1:colcon.colcon_core.shell:create_environment_hook('obstacle_detector', 'ld_library_path_lib')
[43.839s] INFO:colcon.colcon_core.shell:Creating environment hook '/home/hello-sungjun/ros2_ws/src/obstacle_detector/install/obstacle_detector/share/obstacle_detector/hook/ld_library_path_lib.ps1'
[43.840s] INFO:colcon.colcon_core.shell:Creating environment descriptor '/home/hello-sungjun/ros2_ws/src/obstacle_detector/install/obstacle_detector/share/obstacle_detector/hook/ld_library_path_lib.dsv'
[43.841s] INFO:colcon.colcon_core.shell:Creating environment hook '/home/hello-sungjun/ros2_ws/src/obstacle_detector/install/obstacle_detector/share/obstacle_detector/hook/ld_library_path_lib.sh'
[43.841s] Level 1:colcon.colcon_core.environment:checking '/home/hello-sungjun/ros2_ws/src/obstacle_detector/install/obstacle_detector/bin'
[43.842s] Level 1:colcon.colcon_core.environment:checking '/home/hello-sungjun/ros2_ws/src/obstacle_detector/install/obstacle_detector/lib/pkgconfig/obstacle_detector.pc'
[43.842s] Level 1:colcon.colcon_core.environment:checking '/home/hello-sungjun/ros2_ws/src/obstacle_detector/install/obstacle_detector/lib/python3.12/site-packages'
[43.842s] Level 1:colcon.colcon_core.shell:create_environment_hook('obstacle_detector', 'pythonpath')
[43.842s] INFO:colcon.colcon_core.shell:Creating environment hook '/home/hello-sungjun/ros2_ws/src/obstacle_detector/install/obstacle_detector/share/obstacle_detector/hook/pythonpath.ps1'
[43.843s] INFO:colcon.colcon_core.shell:Creating environment descriptor '/home/hello-sungjun/ros2_ws/src/obstacle_detector/install/obstacle_detector/share/obstacle_detector/hook/pythonpath.dsv'
[43.844s] INFO:colcon.colcon_core.shell:Creating environment hook '/home/hello-sungjun/ros2_ws/src/obstacle_detector/install/obstacle_detector/share/obstacle_detector/hook/pythonpath.sh'
[43.845s] Level 1:colcon.colcon_core.environment:checking '/home/hello-sungjun/ros2_ws/src/obstacle_detector/install/obstacle_detector/bin'
[43.846s] INFO:colcon.colcon_core.shell:Creating package script '/home/hello-sungjun/ros2_ws/src/obstacle_detector/install/obstacle_detector/share/obstacle_detector/package.ps1'
[43.847s] INFO:colcon.colcon_core.shell:Creating package descriptor '/home/hello-sungjun/ros2_ws/src/obstacle_detector/install/obstacle_detector/share/obstacle_detector/package.dsv'
[43.849s] INFO:colcon.colcon_core.shell:Creating package script '/home/hello-sungjun/ros2_ws/src/obstacle_detector/install/obstacle_detector/share/obstacle_detector/package.sh'
[43.850s] INFO:colcon.colcon_core.shell:Creating package script '/home/hello-sungjun/ros2_ws/src/obstacle_detector/install/obstacle_detector/share/obstacle_detector/package.bash'
[43.852s] INFO:colcon.colcon_core.shell:Creating package script '/home/hello-sungjun/ros2_ws/src/obstacle_detector/install/obstacle_detector/share/obstacle_detector/package.zsh'
[43.853s] Level 1:colcon.colcon_core.environment:create_file_with_runtime_dependencies(/home/hello-sungjun/ros2_ws/src/obstacle_detector/install/obstacle_detector/share/colcon-core/packages/obstacle_detector)
[43.855s] Level 1:colcon.colcon_core.environment:create_environment_scripts_only(obstacle_detector)
[43.855s] Level 1:colcon.colcon_core.environment:checking '/home/hello-sungjun/ros2_ws/src/obstacle_detector/install/obstacle_detector' for CMake module files
[43.856s] Level 1:colcon.colcon_core.environment:checking '/home/hello-sungjun/ros2_ws/src/obstacle_detector/install/obstacle_detector' for CMake config files
[43.857s] Level 1:colcon.colcon_core.shell:create_environment_hook('obstacle_detector', 'cmake_prefix_path')
[43.858s] INFO:colcon.colcon_core.shell:Creating environment hook '/home/hello-sungjun/ros2_ws/src/obstacle_detector/install/obstacle_detector/share/obstacle_detector/hook/cmake_prefix_path.ps1'
[43.858s] INFO:colcon.colcon_core.shell:Creating environment descriptor '/home/hello-sungjun/ros2_ws/src/obstacle_detector/install/obstacle_detector/share/obstacle_detector/hook/cmake_prefix_path.dsv'
[43.859s] INFO:colcon.colcon_core.shell:Creating environment hook '/home/hello-sungjun/ros2_ws/src/obstacle_detector/install/obstacle_detector/share/obstacle_detector/hook/cmake_prefix_path.sh'
[43.860s] Level 1:colcon.colcon_core.environment:checking '/home/hello-sungjun/ros2_ws/src/obstacle_detector/install/obstacle_detector/lib'
[43.860s] Level 1:colcon.colcon_core.shell:create_environment_hook('obstacle_detector', 'ld_library_path_lib')
[43.860s] INFO:colcon.colcon_core.shell:Creating environment hook '/home/hello-sungjun/ros2_ws/src/obstacle_detector/install/obstacle_detector/share/obstacle_detector/hook/ld_library_path_lib.ps1'
[43.861s] INFO:colcon.colcon_core.shell:Creating environment descriptor '/home/hello-sungjun/ros2_ws/src/obstacle_detector/install/obstacle_detector/share/obstacle_detector/hook/ld_library_path_lib.dsv'
[43.862s] INFO:colcon.colcon_core.shell:Creating environment hook '/home/hello-sungjun/ros2_ws/src/obstacle_detector/install/obstacle_detector/share/obstacle_detector/hook/ld_library_path_lib.sh'
[43.862s] Level 1:colcon.colcon_core.environment:checking '/home/hello-sungjun/ros2_ws/src/obstacle_detector/install/obstacle_detector/bin'
[43.863s] Level 1:colcon.colcon_core.environment:checking '/home/hello-sungjun/ros2_ws/src/obstacle_detector/install/obstacle_detector/lib/pkgconfig/obstacle_detector.pc'
[43.863s] Level 1:colcon.colcon_core.environment:checking '/home/hello-sungjun/ros2_ws/src/obstacle_detector/install/obstacle_detector/lib/python3.12/site-packages'
[43.863s] Level 1:colcon.colcon_core.shell:create_environment_hook('obstacle_detector', 'pythonpath')
[43.864s] INFO:colcon.colcon_core.shell:Creating environment hook '/home/hello-sungjun/ros2_ws/src/obstacle_detector/install/obstacle_detector/share/obstacle_detector/hook/pythonpath.ps1'
[43.865s] INFO:colcon.colcon_core.shell:Creating environment descriptor '/home/hello-sungjun/ros2_ws/src/obstacle_detector/install/obstacle_detector/share/obstacle_detector/hook/pythonpath.dsv'
[43.865s] INFO:colcon.colcon_core.shell:Creating environment hook '/home/hello-sungjun/ros2_ws/src/obstacle_detector/install/obstacle_detector/share/obstacle_detector/hook/pythonpath.sh'
[43.867s] Level 1:colcon.colcon_core.environment:checking '/home/hello-sungjun/ros2_ws/src/obstacle_detector/install/obstacle_detector/bin'
[43.867s] INFO:colcon.colcon_core.shell:Creating package script '/home/hello-sungjun/ros2_ws/src/obstacle_detector/install/obstacle_detector/share/obstacle_detector/package.ps1'
[43.869s] INFO:colcon.colcon_core.shell:Creating package descriptor '/home/hello-sungjun/ros2_ws/src/obstacle_detector/install/obstacle_detector/share/obstacle_detector/package.dsv'
[43.870s] INFO:colcon.colcon_core.shell:Creating package script '/home/hello-sungjun/ros2_ws/src/obstacle_detector/install/obstacle_detector/share/obstacle_detector/package.sh'
[43.871s] INFO:colcon.colcon_core.shell:Creating package script '/home/hello-sungjun/ros2_ws/src/obstacle_detector/install/obstacle_detector/share/obstacle_detector/package.bash'
[43.871s] INFO:colcon.colcon_core.shell:Creating package script '/home/hello-sungjun/ros2_ws/src/obstacle_detector/install/obstacle_detector/share/obstacle_detector/package.zsh'
[43.872s] Level 1:colcon.colcon_core.environment:create_file_with_runtime_dependencies(/home/hello-sungjun/ros2_ws/src/obstacle_detector/install/obstacle_detector/share/colcon-core/packages/obstacle_detector)
[43.873s] DEBUG:colcon.colcon_parallel_executor.executor.parallel:closing loop
[43.873s] DEBUG:colcon.colcon_parallel_executor.executor.parallel:loop closed
[43.873s] DEBUG:colcon.colcon_parallel_executor.executor.parallel:run_until_complete finished with '0'
[43.873s] DEBUG:colcon.colcon_core.event_reactor:joining thread
[43.890s] INFO:colcon.colcon_core.plugin_system:Skipping extension 'colcon_notification.desktop_notification.terminal_notifier': Not used on non-Darwin systems
[43.890s] INFO:colcon.colcon_core.plugin_system:Skipping extension 'colcon_notification.desktop_notification.win32': Not used on non-Windows systems
[43.890s] INFO:colcon.colcon_notification.desktop_notification:Sending desktop notification using 'notify2'
[43.920s] DEBUG:colcon.colcon_core.event_reactor:joined thread
[43.920s] INFO:colcon.colcon_core.shell:Creating prefix script '/home/hello-sungjun/ros2_ws/src/obstacle_detector/install/local_setup.ps1'
[43.922s] INFO:colcon.colcon_core.shell:Creating prefix util module '/home/hello-sungjun/ros2_ws/src/obstacle_detector/install/_local_setup_util_ps1.py'
[43.925s] INFO:colcon.colcon_core.shell:Creating prefix chain script '/home/hello-sungjun/ros2_ws/src/obstacle_detector/install/setup.ps1'
[43.927s] INFO:colcon.colcon_core.shell:Creating prefix script '/home/hello-sungjun/ros2_ws/src/obstacle_detector/install/local_setup.sh'
[43.929s] INFO:colcon.colcon_core.shell:Creating prefix util module '/home/hello-sungjun/ros2_ws/src/obstacle_detector/install/_local_setup_util_sh.py'
[43.930s] INFO:colcon.colcon_core.shell:Creating prefix chain script '/home/hello-sungjun/ros2_ws/src/obstacle_detector/install/setup.sh'
[43.933s] INFO:colcon.colcon_core.shell:Creating prefix script '/home/hello-sungjun/ros2_ws/src/obstacle_detector/install/local_setup.bash'
[43.934s] INFO:colcon.colcon_core.shell:Creating prefix chain script '/home/hello-sungjun/ros2_ws/src/obstacle_detector/install/setup.bash'
[43.936s] INFO:colcon.colcon_core.shell:Creating prefix script '/home/hello-sungjun/ros2_ws/src/obstacle_detector/install/local_setup.zsh'
[43.937s] INFO:colcon.colcon_core.shell:Creating prefix chain script '/home/hello-sungjun/ros2_ws/src/obstacle_detector/install/setup.zsh'
