[0.314s] DEBUG:colcon:Command line arguments: ['/home/hello-sungjun/ros2_ws/venv/bin/colcon', 'build', '--symlink-install', '--packages-select', 'obstacle_detector']
[0.314s] DEBUG:colcon:Parsed command line arguments: Namespace(log_base=None, log_level=None, verb_name='build', build_base='build', install_base='install', merge_install=False, symlink_install=True, test_result_base=None, continue_on_error=False, executor='parallel', parallel_workers=8, event_handlers=None, ignore_user_meta=False, metas=['./colcon.meta'], base_paths=['.'], packages_ignore=None, packages_ignore_regex=None, paths=None, packages_up_to=None, packages_up_to_regex=None, packages_above=None, packages_above_and_dependencies=None, packages_above_depth=None, packages_select_by_dep=None, packages_skip_by_dep=None, packages_skip_up_to=None, packages_select_build_failed=False, packages_skip_build_finished=False, packages_select_test_failures=False, packages_skip_test_passed=False, packages_select=['obstacle_detector'], packages_skip=None, packages_select_regex=None, packages_skip_regex=None, packages_start=None, packages_end=None, cmake_args=None, cmake_target=None, cmake_target_skip_unavailable=False, cmake_clean_cache=False, cmake_clean_first=False, cmake_force_configure=False, ament_cmake_args=None, catkin_cmake_args=None, catkin_skip_building_tests=False, verb_parser=<colcon_defaults.argument_parser.defaults.DefaultArgumentsDecorator object at 0x712e164e5e50>, verb_extension=<colcon_core.verb.build.BuildVerb object at 0x712e164e5ca0>, main=<bound method BuildVerb.main of <colcon_core.verb.build.BuildVerb object at 0x712e164e5ca0>>)
[0.397s] Level 1:colcon.colcon_core.package_discovery:discover_packages(colcon_meta) check parameters
[0.397s] Level 1:colcon.colcon_core.package_discovery:discover_packages(recursive) check parameters
[0.397s] Level 1:colcon.colcon_core.package_discovery:discover_packages(ignore) check parameters
[0.398s] Level 1:colcon.colcon_core.package_discovery:discover_packages(path) check parameters
[0.398s] Level 1:colcon.colcon_core.package_discovery:discover_packages(colcon_meta) discover
[0.398s] Level 1:colcon.colcon_core.package_discovery:discover_packages(recursive) discover
[0.398s] INFO:colcon.colcon_core.package_discovery:Crawling recursively for packages in '/home/hello-sungjun/ros2_ws/src/obstacle_detector'
[0.398s] Level 1:colcon.colcon_core.package_identification:_identify(.) by extensions ['ignore', 'ignore_ament_install']
[0.398s] Level 1:colcon.colcon_core.package_identification:_identify(.) by extension 'ignore'
[0.398s] Level 1:colcon.colcon_core.package_identification:_identify(.) by extension 'ignore_ament_install'
[0.398s] Level 1:colcon.colcon_core.package_identification:_identify(.) by extensions ['colcon_pkg']
[0.398s] Level 1:colcon.colcon_core.package_identification:_identify(.) by extension 'colcon_pkg'
[0.398s] Level 1:colcon.colcon_core.package_identification:_identify(.) by extensions ['colcon_meta']
[0.398s] Level 1:colcon.colcon_core.package_identification:_identify(.) by extension 'colcon_meta'
[0.398s] Level 1:colcon.colcon_core.package_identification:_identify(.) by extensions ['ros']
[0.398s] Level 1:colcon.colcon_core.package_identification:_identify(.) by extension 'ros'
[0.449s] DEBUG:colcon.colcon_core.package_identification:Package '.' with type 'ros.ament_cmake' and name 'obstacle_detector'
[0.449s] Level 1:colcon.colcon_core.package_discovery:discover_packages(recursive) using defaults
[0.449s] Level 1:colcon.colcon_core.package_discovery:discover_packages(ignore) discover
[0.449s] Level 1:colcon.colcon_core.package_discovery:discover_packages(ignore) using defaults
[0.449s] Level 1:colcon.colcon_core.package_discovery:discover_packages(path) discover
[0.449s] Level 1:colcon.colcon_core.package_discovery:discover_packages(path) using defaults
[0.477s] Level 5:colcon.colcon_core.verb:set package 'obstacle_detector' build argument 'cmake_args' from command line to 'None'
[0.477s] Level 5:colcon.colcon_core.verb:set package 'obstacle_detector' build argument 'cmake_target' from command line to 'None'
[0.477s] Level 5:colcon.colcon_core.verb:set package 'obstacle_detector' build argument 'cmake_target_skip_unavailable' from command line to 'False'
[0.477s] Level 5:colcon.colcon_core.verb:set package 'obstacle_detector' build argument 'cmake_clean_cache' from command line to 'False'
[0.477s] Level 5:colcon.colcon_core.verb:set package 'obstacle_detector' build argument 'cmake_clean_first' from command line to 'False'
[0.478s] Level 5:colcon.colcon_core.verb:set package 'obstacle_detector' build argument 'cmake_force_configure' from command line to 'False'
[0.478s] Level 5:colcon.colcon_core.verb:set package 'obstacle_detector' build argument 'ament_cmake_args' from command line to 'None'
[0.478s] Level 5:colcon.colcon_core.verb:set package 'obstacle_detector' build argument 'catkin_cmake_args' from command line to 'None'
[0.478s] Level 5:colcon.colcon_core.verb:set package 'obstacle_detector' build argument 'catkin_skip_building_tests' from command line to 'False'
[0.478s] DEBUG:colcon.colcon_core.verb:Building package 'obstacle_detector' with the following arguments: {'ament_cmake_args': None, 'build_base': '/home/hello-sungjun/ros2_ws/src/obstacle_detector/build/obstacle_detector', 'catkin_cmake_args': None, 'catkin_skip_building_tests': False, 'cmake_args': None, 'cmake_clean_cache': False, 'cmake_clean_first': False, 'cmake_force_configure': False, 'cmake_target': None, 'cmake_target_skip_unavailable': False, 'install_base': '/home/hello-sungjun/ros2_ws/src/obstacle_detector/install/obstacle_detector', 'merge_install': False, 'path': '/home/hello-sungjun/ros2_ws/src/obstacle_detector', 'symlink_install': True, 'test_result_base': None}
[0.478s] INFO:colcon.colcon_core.executor:Executing jobs using 'parallel' executor
[0.479s] DEBUG:colcon.colcon_parallel_executor.executor.parallel:run_until_complete
[0.479s] INFO:colcon.colcon_ros.task.ament_cmake.build:Building ROS package in '/home/hello-sungjun/ros2_ws/src/obstacle_detector' with build type 'ament_cmake'
[0.480s] INFO:colcon.colcon_cmake.task.cmake.build:Building CMake package in '/home/hello-sungjun/ros2_ws/src/obstacle_detector'
[0.484s] INFO:colcon.colcon_core.plugin_system:Skipping extension 'colcon_core.shell.bat': Not used on non-Windows systems
[0.484s] INFO:colcon.colcon_core.shell:Skip shell extension 'powershell' for command environment: Not usable outside of PowerShell
[0.484s] DEBUG:colcon.colcon_core.shell:Skip shell extension 'dsv' for command environment
[0.504s] DEBUG:colcon.colcon_core.event_handler.log_command:Invoking command in '/home/hello-sungjun/ros2_ws/src/obstacle_detector/build/obstacle_detector': CMAKE_PREFIX_PATH=${CMAKE_PREFIX_PATH}:/opt/ros/jazzy DEBUGINFOD_URLS=https://debuginfod.ubuntu.com VIRTUAL_ENV_PROMPT=(venv) /usr/bin/cmake --build /home/hello-sungjun/ros2_ws/src/obstacle_detector/build/obstacle_detector -- -j8 -l8
[25.307s] DEBUG:colcon.colcon_core.event_handler.log_command:Invoked command in '/home/hello-sungjun/ros2_ws/src/obstacle_detector/build/obstacle_detector' returned '0': CMAKE_PREFIX_PATH=${CMAKE_PREFIX_PATH}:/opt/ros/jazzy DEBUGINFOD_URLS=https://debuginfod.ubuntu.com VIRTUAL_ENV_PROMPT=(venv) /usr/bin/cmake --build /home/hello-sungjun/ros2_ws/src/obstacle_detector/build/obstacle_detector -- -j8 -l8
[25.317s] DEBUG:colcon.colcon_core.event_handler.log_command:Invoking command in '/home/hello-sungjun/ros2_ws/src/obstacle_detector/build/obstacle_detector': CMAKE_PREFIX_PATH=${CMAKE_PREFIX_PATH}:/opt/ros/jazzy DEBUGINFOD_URLS=https://debuginfod.ubuntu.com VIRTUAL_ENV_PROMPT=(venv) /usr/bin/cmake --install /home/hello-sungjun/ros2_ws/src/obstacle_detector/build/obstacle_detector
[25.423s] Level 1:colcon.colcon_core.environment:create_environment_scripts_only(obstacle_detector)
[25.424s] DEBUG:colcon.colcon_core.event_handler.log_command:Invoked command in '/home/hello-sungjun/ros2_ws/src/obstacle_detector/build/obstacle_detector' returned '0': CMAKE_PREFIX_PATH=${CMAKE_PREFIX_PATH}:/opt/ros/jazzy DEBUGINFOD_URLS=https://debuginfod.ubuntu.com VIRTUAL_ENV_PROMPT=(venv) /usr/bin/cmake --install /home/hello-sungjun/ros2_ws/src/obstacle_detector/build/obstacle_detector
[25.428s] Level 1:colcon.colcon_core.environment:checking '/home/hello-sungjun/ros2_ws/src/obstacle_detector/install/obstacle_detector' for CMake module files
[25.429s] Level 1:colcon.colcon_core.environment:checking '/home/hello-sungjun/ros2_ws/src/obstacle_detector/install/obstacle_detector' for CMake config files
[25.429s] Level 1:colcon.colcon_core.shell:create_environment_hook('obstacle_detector', 'cmake_prefix_path')
[25.429s] INFO:colcon.colcon_core.shell:Creating environment hook '/home/hello-sungjun/ros2_ws/src/obstacle_detector/install/obstacle_detector/share/obstacle_detector/hook/cmake_prefix_path.ps1'
[25.431s] INFO:colcon.colcon_core.shell:Creating environment descriptor '/home/hello-sungjun/ros2_ws/src/obstacle_detector/install/obstacle_detector/share/obstacle_detector/hook/cmake_prefix_path.dsv'
[25.431s] INFO:colcon.colcon_core.shell:Creating environment hook '/home/hello-sungjun/ros2_ws/src/obstacle_detector/install/obstacle_detector/share/obstacle_detector/hook/cmake_prefix_path.sh'
[25.433s] Level 1:colcon.colcon_core.environment:checking '/home/hello-sungjun/ros2_ws/src/obstacle_detector/install/obstacle_detector/lib'
[25.433s] Level 1:colcon.colcon_core.shell:create_environment_hook('obstacle_detector', 'ld_library_path_lib')
[25.434s] INFO:colcon.colcon_core.shell:Creating environment hook '/home/hello-sungjun/ros2_ws/src/obstacle_detector/install/obstacle_detector/share/obstacle_detector/hook/ld_library_path_lib.ps1'
[25.434s] INFO:colcon.colcon_core.shell:Creating environment descriptor '/home/hello-sungjun/ros2_ws/src/obstacle_detector/install/obstacle_detector/share/obstacle_detector/hook/ld_library_path_lib.dsv'
[25.435s] INFO:colcon.colcon_core.shell:Creating environment hook '/home/hello-sungjun/ros2_ws/src/obstacle_detector/install/obstacle_detector/share/obstacle_detector/hook/ld_library_path_lib.sh'
[25.435s] Level 1:colcon.colcon_core.environment:checking '/home/hello-sungjun/ros2_ws/src/obstacle_detector/install/obstacle_detector/bin'
[25.435s] Level 1:colcon.colcon_core.environment:checking '/home/hello-sungjun/ros2_ws/src/obstacle_detector/install/obstacle_detector/lib/pkgconfig/obstacle_detector.pc'
[25.437s] Level 1:colcon.colcon_core.environment:checking '/home/hello-sungjun/ros2_ws/src/obstacle_detector/install/obstacle_detector/lib/python3.12/site-packages'
[25.437s] Level 1:colcon.colcon_core.shell:create_environment_hook('obstacle_detector', 'pythonpath')
[25.437s] INFO:colcon.colcon_core.shell:Creating environment hook '/home/hello-sungjun/ros2_ws/src/obstacle_detector/install/obstacle_detector/share/obstacle_detector/hook/pythonpath.ps1'
[25.438s] INFO:colcon.colcon_core.shell:Creating environment descriptor '/home/hello-sungjun/ros2_ws/src/obstacle_detector/install/obstacle_detector/share/obstacle_detector/hook/pythonpath.dsv'
[25.439s] INFO:colcon.colcon_core.shell:Creating environment hook '/home/hello-sungjun/ros2_ws/src/obstacle_detector/install/obstacle_detector/share/obstacle_detector/hook/pythonpath.sh'
[25.440s] Level 1:colcon.colcon_core.environment:checking '/home/hello-sungjun/ros2_ws/src/obstacle_detector/install/obstacle_detector/bin'
[25.440s] INFO:colcon.colcon_core.shell:Creating package script '/home/hello-sungjun/ros2_ws/src/obstacle_detector/install/obstacle_detector/share/obstacle_detector/package.ps1'
[25.441s] INFO:colcon.colcon_core.shell:Creating package descriptor '/home/hello-sungjun/ros2_ws/src/obstacle_detector/install/obstacle_detector/share/obstacle_detector/package.dsv'
[25.442s] INFO:colcon.colcon_core.shell:Creating package script '/home/hello-sungjun/ros2_ws/src/obstacle_detector/install/obstacle_detector/share/obstacle_detector/package.sh'
[25.444s] INFO:colcon.colcon_core.shell:Creating package script '/home/hello-sungjun/ros2_ws/src/obstacle_detector/install/obstacle_detector/share/obstacle_detector/package.bash'
[25.445s] INFO:colcon.colcon_core.shell:Creating package script '/home/hello-sungjun/ros2_ws/src/obstacle_detector/install/obstacle_detector/share/obstacle_detector/package.zsh'
[25.446s] Level 1:colcon.colcon_core.environment:create_file_with_runtime_dependencies(/home/hello-sungjun/ros2_ws/src/obstacle_detector/install/obstacle_detector/share/colcon-core/packages/obstacle_detector)
[25.447s] Level 1:colcon.colcon_core.environment:create_environment_scripts_only(obstacle_detector)
[25.447s] Level 1:colcon.colcon_core.environment:checking '/home/hello-sungjun/ros2_ws/src/obstacle_detector/install/obstacle_detector' for CMake module files
[25.448s] Level 1:colcon.colcon_core.environment:checking '/home/hello-sungjun/ros2_ws/src/obstacle_detector/install/obstacle_detector' for CMake config files
[25.449s] Level 1:colcon.colcon_core.shell:create_environment_hook('obstacle_detector', 'cmake_prefix_path')
[25.449s] INFO:colcon.colcon_core.shell:Creating environment hook '/home/hello-sungjun/ros2_ws/src/obstacle_detector/install/obstacle_detector/share/obstacle_detector/hook/cmake_prefix_path.ps1'
[25.450s] INFO:colcon.colcon_core.shell:Creating environment descriptor '/home/hello-sungjun/ros2_ws/src/obstacle_detector/install/obstacle_detector/share/obstacle_detector/hook/cmake_prefix_path.dsv'
[25.450s] INFO:colcon.colcon_core.shell:Creating environment hook '/home/hello-sungjun/ros2_ws/src/obstacle_detector/install/obstacle_detector/share/obstacle_detector/hook/cmake_prefix_path.sh'
[25.451s] Level 1:colcon.colcon_core.environment:checking '/home/hello-sungjun/ros2_ws/src/obstacle_detector/install/obstacle_detector/lib'
[25.451s] Level 1:colcon.colcon_core.shell:create_environment_hook('obstacle_detector', 'ld_library_path_lib')
[25.451s] INFO:colcon.colcon_core.shell:Creating environment hook '/home/hello-sungjun/ros2_ws/src/obstacle_detector/install/obstacle_detector/share/obstacle_detector/hook/ld_library_path_lib.ps1'
[25.452s] INFO:colcon.colcon_core.shell:Creating environment descriptor '/home/hello-sungjun/ros2_ws/src/obstacle_detector/install/obstacle_detector/share/obstacle_detector/hook/ld_library_path_lib.dsv'
[25.453s] INFO:colcon.colcon_core.shell:Creating environment hook '/home/hello-sungjun/ros2_ws/src/obstacle_detector/install/obstacle_detector/share/obstacle_detector/hook/ld_library_path_lib.sh'
[25.453s] Level 1:colcon.colcon_core.environment:checking '/home/hello-sungjun/ros2_ws/src/obstacle_detector/install/obstacle_detector/bin'
[25.454s] Level 1:colcon.colcon_core.environment:checking '/home/hello-sungjun/ros2_ws/src/obstacle_detector/install/obstacle_detector/lib/pkgconfig/obstacle_detector.pc'
[25.454s] Level 1:colcon.colcon_core.environment:checking '/home/hello-sungjun/ros2_ws/src/obstacle_detector/install/obstacle_detector/lib/python3.12/site-packages'
[25.454s] Level 1:colcon.colcon_core.shell:create_environment_hook('obstacle_detector', 'pythonpath')
[25.454s] INFO:colcon.colcon_core.shell:Creating environment hook '/home/hello-sungjun/ros2_ws/src/obstacle_detector/install/obstacle_detector/share/obstacle_detector/hook/pythonpath.ps1'
[25.455s] INFO:colcon.colcon_core.shell:Creating environment descriptor '/home/hello-sungjun/ros2_ws/src/obstacle_detector/install/obstacle_detector/share/obstacle_detector/hook/pythonpath.dsv'
[25.455s] INFO:colcon.colcon_core.shell:Creating environment hook '/home/hello-sungjun/ros2_ws/src/obstacle_detector/install/obstacle_detector/share/obstacle_detector/hook/pythonpath.sh'
[25.456s] Level 1:colcon.colcon_core.environment:checking '/home/hello-sungjun/ros2_ws/src/obstacle_detector/install/obstacle_detector/bin'
[25.456s] INFO:colcon.colcon_core.shell:Creating package script '/home/hello-sungjun/ros2_ws/src/obstacle_detector/install/obstacle_detector/share/obstacle_detector/package.ps1'
[25.457s] INFO:colcon.colcon_core.shell:Creating package descriptor '/home/hello-sungjun/ros2_ws/src/obstacle_detector/install/obstacle_detector/share/obstacle_detector/package.dsv'
[25.458s] INFO:colcon.colcon_core.shell:Creating package script '/home/hello-sungjun/ros2_ws/src/obstacle_detector/install/obstacle_detector/share/obstacle_detector/package.sh'
[25.458s] INFO:colcon.colcon_core.shell:Creating package script '/home/hello-sungjun/ros2_ws/src/obstacle_detector/install/obstacle_detector/share/obstacle_detector/package.bash'
[25.459s] INFO:colcon.colcon_core.shell:Creating package script '/home/hello-sungjun/ros2_ws/src/obstacle_detector/install/obstacle_detector/share/obstacle_detector/package.zsh'
[25.459s] Level 1:colcon.colcon_core.environment:create_file_with_runtime_dependencies(/home/hello-sungjun/ros2_ws/src/obstacle_detector/install/obstacle_detector/share/colcon-core/packages/obstacle_detector)
[25.460s] DEBUG:colcon.colcon_parallel_executor.executor.parallel:closing loop
[25.460s] DEBUG:colcon.colcon_parallel_executor.executor.parallel:loop closed
[25.460s] DEBUG:colcon.colcon_parallel_executor.executor.parallel:run_until_complete finished with '0'
[25.460s] DEBUG:colcon.colcon_core.event_reactor:joining thread
[25.463s] INFO:colcon.colcon_core.plugin_system:Skipping extension 'colcon_notification.desktop_notification.notify2': 'notify2' not found
[25.463s] INFO:colcon.colcon_core.plugin_system:Skipping extension 'colcon_notification.desktop_notification.terminal_notifier': Not used on non-Darwin systems
[25.463s] INFO:colcon.colcon_core.plugin_system:Skipping extension 'colcon_notification.desktop_notification.win32': Not used on non-Windows systems
[25.463s] INFO:colcon.colcon_notification.desktop_notification:Sending desktop notification using 'notify_send'
[25.486s] DEBUG:colcon.colcon_core.event_reactor:joined thread
[25.486s] INFO:colcon.colcon_core.shell:Creating prefix script '/home/hello-sungjun/ros2_ws/src/obstacle_detector/install/local_setup.ps1'
[25.488s] INFO:colcon.colcon_core.shell:Creating prefix util module '/home/hello-sungjun/ros2_ws/src/obstacle_detector/install/_local_setup_util_ps1.py'
[25.490s] INFO:colcon.colcon_core.shell:Creating prefix chain script '/home/hello-sungjun/ros2_ws/src/obstacle_detector/install/setup.ps1'
[25.492s] INFO:colcon.colcon_core.shell:Creating prefix script '/home/hello-sungjun/ros2_ws/src/obstacle_detector/install/local_setup.sh'
[25.493s] INFO:colcon.colcon_core.shell:Creating prefix util module '/home/hello-sungjun/ros2_ws/src/obstacle_detector/install/_local_setup_util_sh.py'
[25.494s] INFO:colcon.colcon_core.shell:Creating prefix chain script '/home/hello-sungjun/ros2_ws/src/obstacle_detector/install/setup.sh'
[25.496s] INFO:colcon.colcon_core.shell:Creating prefix script '/home/hello-sungjun/ros2_ws/src/obstacle_detector/install/local_setup.bash'
[25.497s] INFO:colcon.colcon_core.shell:Creating prefix chain script '/home/hello-sungjun/ros2_ws/src/obstacle_detector/install/setup.bash'
[25.498s] INFO:colcon.colcon_core.shell:Creating prefix script '/home/hello-sungjun/ros2_ws/src/obstacle_detector/install/local_setup.zsh'
[25.499s] INFO:colcon.colcon_core.shell:Creating prefix chain script '/home/hello-sungjun/ros2_ws/src/obstacle_detector/install/setup.zsh'
