[0.020s] Invoking command in '/home/hello-sungjun/ros2_ws/src/obstacle_detector/build/obstacle_detector': CMAKE_PREFIX_PATH=${CMAKE_PREFIX_PATH}:/opt/ros/jazzy DEBUGINFOD_URLS=https://debuginfod.ubuntu.com /usr/bin/cmake --build /home/hello-sungjun/ros2_ws/src/obstacle_detector/build/obstacle_detector -- -j8 -l8
[0.071s] -- Found ament_cmake: 2.5.4 (/opt/ros/jazzy/share/ament_cmake/cmake)
[0.123s] -- Found Python3: /usr/bin/python3 (found version "3.12.3") found components: Interpreter 
[0.272s] -- Override CMake install command with custom implementation using symlinks instead of copying resources
[0.286s] -- Found rclcpp: 28.1.12 (/opt/ros/jazzy/share/rclcpp/cmake)
[0.346s] -- Found rosidl_generator_c: 4.6.6 (/opt/ros/jazzy/share/rosidl_generator_c/cmake)
[0.368s] -- Found rosidl_generator_cpp: 4.6.6 (/opt/ros/jazzy/share/rosidl_generator_cpp/cmake)
[0.394s] -- Using all available rosidl_typesupport_c: rosidl_typesupport_fastrtps_c;rosidl_typesupport_introspection_c
[0.425s] -- Using all available rosidl_typesupport_cpp: rosidl_typesupport_fastrtps_cpp;rosidl_typesupport_introspection_cpp
[0.559s] -- Found rmw_implementation_cmake: 7.3.2 (/opt/ros/jazzy/share/rmw_implementation_cmake/cmake)
[0.563s] -- Found rmw_fastrtps_cpp: 8.4.3 (/opt/ros/jazzy/share/rmw_fastrtps_cpp/cmake)
[0.691s] -- Using RMW implementation 'rmw_fastrtps_cpp' as default
[0.837s] -- Found rclcpp_components: 28.1.12 (/opt/ros/jazzy/share/rclcpp_components/cmake)
[0.899s] -- Found std_msgs: 5.3.6 (/opt/ros/jazzy/share/std_msgs/cmake)
[0.930s] -- Found std_srvs: 5.3.6 (/opt/ros/jazzy/share/std_srvs/cmake)
[0.966s] -- Found geometry_msgs: 5.3.6 (/opt/ros/jazzy/share/geometry_msgs/cmake)
[0.999s] -- Found sensor_msgs: 5.3.6 (/opt/ros/jazzy/share/sensor_msgs/cmake)
[1.052s] -- Found tf2: 0.36.14 (/opt/ros/jazzy/share/tf2/cmake)
[1.060s] -- Found tf2_geometry_msgs: 0.36.14 (/opt/ros/jazzy/share/tf2_geometry_msgs/cmake)
[1.067s] -- Found eigen3_cmake_module: 0.3.0 (/opt/ros/jazzy/share/eigen3_cmake_module/cmake)
[1.070s] -- Ensuring Eigen3 include directory is part of orocos-kdl CMake target
[1.259s] -- Found rosidl_default_generators: 1.6.0 (/opt/ros/jazzy/share/rosidl_default_generators/cmake)
[1.278s] -- Found rosidl_adapter: 4.6.6 (/opt/ros/jazzy/share/rosidl_adapter/cmake)
[1.948s] -- Found ament_cmake_ros: 0.12.0 (/opt/ros/jazzy/share/ament_cmake_ros/cmake)
[2.587s] -- Using all available rosidl_typesupport_c: rosidl_typesupport_fastrtps_c;rosidl_typesupport_introspection_c
[2.842s] -- Using all available rosidl_typesupport_cpp: rosidl_typesupport_fastrtps_cpp;rosidl_typesupport_introspection_cpp
[2.844s] -- Found python_cmake_module: 0.11.1 (/opt/ros/jazzy/share/python_cmake_module/cmake)
[3.375s] -- Found Python3: /usr/bin/python3 (found version "3.12.3") found components: Interpreter Development NumPy Development.Module Development.Embed 
[3.497s] -- Configuring done (3.4s)
[3.623s] -- Generating done (0.1s)
[3.661s] -- Build files have been written to: /home/hello-sungjun/ros2_ws/src/obstacle_detector/build/obstacle_detector
[3.732s] [  1%] Built target obstacle_detector__rosidl_generator_type_description
[3.749s] [  1%] Built target ament_cmake_python_symlink_obstacle_detector
[3.771s] [  3%] Built target obstacle_detector__cpp
[3.782s] [ 22%] Built target obstacle_detector__rosidl_generator_c
[3.848s] [ 31%] Built target obstacle_detector__rosidl_typesupport_c
[3.849s] [ 39%] Built target obstacle_detector__rosidl_typesupport_introspection_c
[3.851s] [ 48%] Built target obstacle_detector__rosidl_typesupport_introspection_cpp
[3.854s] [ 56%] Built target obstacle_detector__rosidl_typesupport_fastrtps_c
[3.859s] [ 65%] Built target obstacle_detector__rosidl_typesupport_cpp
[3.862s] [ 74%] Built target obstacle_detector__rosidl_typesupport_fastrtps_cpp
[3.901s] [ 74%] Built target obstacle_detector
[3.940s] [ 75%] [32mBuilding CXX object CMakeFiles/obstacle_extractor.dir/src/obstacle_extractor.cpp.o[0m
[3.955s] [ 77%] Built target obstacle_detector__py
[4.005s] [ 84%] Built target obstacle_detector__rosidl_generator_py
[4.070s] [ 91%] Built target obstacle_detector_s__rosidl_typesupport_c
[4.070s] [ 91%] Built target obstacle_detector_s__rosidl_typesupport_fastrtps_c
[4.078s] [ 94%] Built target obstacle_detector_s__rosidl_typesupport_introspection_c
[4.418s] running egg_info
[4.501s] writing obstacle_detector.egg-info/PKG-INFO
[4.501s] writing dependency_links to obstacle_detector.egg-info/dependency_links.txt
[4.502s] writing top-level names to obstacle_detector.egg-info/top_level.txt
[4.709s] reading manifest file 'obstacle_detector.egg-info/SOURCES.txt'
[4.711s] writing manifest file 'obstacle_detector.egg-info/SOURCES.txt'
[4.785s] [ 94%] Built target ament_cmake_python_build_obstacle_detector_egg
[9.486s] In file included from [01m[K/home/hello-sungjun/ros2_ws/src/obstacle_detector/include/obstacle_detector/obstacle_extractor.hpp:28[m[K,
[9.486s]                  from [01m[K/home/hello-sungjun/ros2_ws/src/obstacle_detector/src/obstacle_extractor.cpp:5[m[K:
[9.486s] [01m[K/home/hello-sungjun/ros2_ws/src/obstacle_detector/include/obstacle_detector/utilities/segment.h:[m[K In member function ‘[01m[Kobstacle_detector::Point obstacle_detector::Segment::[01;32m[KtrueProjection[m[K(const obstacle_detector::Point&) const[m[K’:
[9.486s] [01m[K/home/hello-sungjun/ros2_ws/src/obstacle_detector/include/obstacle_detector/utilities/segment.h:78:11:[m[K [01;35m[Kwarning: [m[Kvariable ‘[01m[Kc[m[K’ set but not used [[01;35m[K]8;;https://gcc.gnu.org/onlinedocs/gcc/Warning-Options.html#index-Wunused-but-set-variable-Wunused-but-set-variable]8;;[m[K]
[9.486s]    78 |     Point [01;35m[Kc[m[K = p - last_point;
[9.487s]       |           [01;35m[K^[m[K
[34.411s] [ 96%] [32m[1mLinking CXX shared library libobstacle_extractor.so[0m
[35.500s] [ 96%] Built target obstacle_extractor
[35.555s] [ 98%] [32m[1mLinking CXX executable obstacle_extractor_node[0m
[36.272s] [100%] Built target obstacle_extractor_node
[36.294s] Invoked command in '/home/hello-sungjun/ros2_ws/src/obstacle_detector/build/obstacle_detector' returned '0': CMAKE_PREFIX_PATH=${CMAKE_PREFIX_PATH}:/opt/ros/jazzy DEBUGINFOD_URLS=https://debuginfod.ubuntu.com /usr/bin/cmake --build /home/hello-sungjun/ros2_ws/src/obstacle_detector/build/obstacle_detector -- -j8 -l8
[36.312s] Invoking command in '/home/hello-sungjun/ros2_ws/src/obstacle_detector/build/obstacle_detector': CMAKE_PREFIX_PATH=${CMAKE_PREFIX_PATH}:/opt/ros/jazzy DEBUGINFOD_URLS=https://debuginfod.ubuntu.com /usr/bin/cmake --install /home/hello-sungjun/ros2_ws/src/obstacle_detector/build/obstacle_detector
[36.326s] -- Install configuration: ""
[36.327s] -- Execute custom install script
[36.327s] -- Up-to-date symlink: /home/hello-sungjun/ros2_ws/src/obstacle_detector/install/obstacle_detector/share/ament_index/resource_index/rosidl_interfaces/obstacle_detector
[36.328s] -- Up-to-date symlink: /home/hello-sungjun/ros2_ws/src/obstacle_detector/install/obstacle_detector/share/obstacle_detector/msg/CircleObstacle.json
[36.328s] -- Up-to-date symlink: /home/hello-sungjun/ros2_ws/src/obstacle_detector/install/obstacle_detector/share/obstacle_detector/msg/SegmentObstacle.json
[36.328s] -- Up-to-date symlink: /home/hello-sungjun/ros2_ws/src/obstacle_detector/install/obstacle_detector/share/obstacle_detector/msg/Obstacles.json
[36.329s] -- Up-to-date symlink: /home/hello-sungjun/ros2_ws/src/obstacle_detector/install/obstacle_detector/include/obstacle_detector/obstacle_detector/msg/circle_obstacle.h
[36.330s] -- Up-to-date symlink: /home/hello-sungjun/ros2_ws/src/obstacle_detector/install/obstacle_detector/include/obstacle_detector/obstacle_detector/msg/detail/circle_obstacle__functions.h
[36.330s] -- Up-to-date symlink: /home/hello-sungjun/ros2_ws/src/obstacle_detector/install/obstacle_detector/include/obstacle_detector/obstacle_detector/msg/detail/circle_obstacle__struct.h
[36.330s] -- Up-to-date symlink: /home/hello-sungjun/ros2_ws/src/obstacle_detector/install/obstacle_detector/include/obstacle_detector/obstacle_detector/msg/detail/circle_obstacle__type_support.h
[36.331s] -- Up-to-date symlink: /home/hello-sungjun/ros2_ws/src/obstacle_detector/install/obstacle_detector/include/obstacle_detector/obstacle_detector/msg/detail/obstacles__functions.h
[36.331s] -- Up-to-date symlink: /home/hello-sungjun/ros2_ws/src/obstacle_detector/install/obstacle_detector/include/obstacle_detector/obstacle_detector/msg/detail/obstacles__struct.h
[36.331s] -- Up-to-date symlink: /home/hello-sungjun/ros2_ws/src/obstacle_detector/install/obstacle_detector/include/obstacle_detector/obstacle_detector/msg/detail/obstacles__type_support.h
[36.331s] -- Up-to-date symlink: /home/hello-sungjun/ros2_ws/src/obstacle_detector/install/obstacle_detector/include/obstacle_detector/obstacle_detector/msg/detail/segment_obstacle__functions.h
[36.332s] -- Up-to-date symlink: /home/hello-sungjun/ros2_ws/src/obstacle_detector/install/obstacle_detector/include/obstacle_detector/obstacle_detector/msg/detail/segment_obstacle__struct.h
[36.332s] -- Up-to-date symlink: /home/hello-sungjun/ros2_ws/src/obstacle_detector/install/obstacle_detector/include/obstacle_detector/obstacle_detector/msg/detail/segment_obstacle__type_support.h
[36.332s] -- Up-to-date symlink: /home/hello-sungjun/ros2_ws/src/obstacle_detector/install/obstacle_detector/include/obstacle_detector/obstacle_detector/msg/obstacles.h
[36.332s] -- Up-to-date symlink: /home/hello-sungjun/ros2_ws/src/obstacle_detector/install/obstacle_detector/include/obstacle_detector/obstacle_detector/msg/rosidl_generator_c__visibility_control.h
[36.332s] -- Up-to-date symlink: /home/hello-sungjun/ros2_ws/src/obstacle_detector/install/obstacle_detector/include/obstacle_detector/obstacle_detector/msg/segment_obstacle.h
[36.333s] -- Up-to-date symlink: /home/hello-sungjun/ros2_ws/src/obstacle_detector/install/obstacle_detector/share/obstacle_detector/environment/library_path.sh
[36.333s] -- Up-to-date symlink: /home/hello-sungjun/ros2_ws/src/obstacle_detector/install/obstacle_detector/share/obstacle_detector/environment/library_path.dsv
[36.334s] -- Up-to-date symlink: /home/hello-sungjun/ros2_ws/src/obstacle_detector/install/obstacle_detector/include/obstacle_detector/obstacle_detector/msg/detail/circle_obstacle__rosidl_typesupport_fastrtps_c.h
[36.335s] -- Up-to-date symlink: /home/hello-sungjun/ros2_ws/src/obstacle_detector/install/obstacle_detector/include/obstacle_detector/obstacle_detector/msg/detail/obstacles__rosidl_typesupport_fastrtps_c.h
[36.335s] -- Up-to-date symlink: /home/hello-sungjun/ros2_ws/src/obstacle_detector/install/obstacle_detector/include/obstacle_detector/obstacle_detector/msg/detail/segment_obstacle__rosidl_typesupport_fastrtps_c.h
[36.335s] -- Up-to-date symlink: /home/hello-sungjun/ros2_ws/src/obstacle_detector/install/obstacle_detector/include/obstacle_detector/obstacle_detector/msg/rosidl_typesupport_fastrtps_c__visibility_control.h
[36.336s] -- Up-to-date symlink: /home/hello-sungjun/ros2_ws/src/obstacle_detector/install/obstacle_detector/include/obstacle_detector/obstacle_detector/msg/circle_obstacle.hpp
[36.336s] -- Up-to-date symlink: /home/hello-sungjun/ros2_ws/src/obstacle_detector/install/obstacle_detector/include/obstacle_detector/obstacle_detector/msg/detail/circle_obstacle__builder.hpp
[36.336s] -- Up-to-date symlink: /home/hello-sungjun/ros2_ws/src/obstacle_detector/install/obstacle_detector/include/obstacle_detector/obstacle_detector/msg/detail/circle_obstacle__struct.hpp
[36.337s] -- Up-to-date symlink: /home/hello-sungjun/ros2_ws/src/obstacle_detector/install/obstacle_detector/include/obstacle_detector/obstacle_detector/msg/detail/circle_obstacle__traits.hpp
[36.337s] -- Up-to-date symlink: /home/hello-sungjun/ros2_ws/src/obstacle_detector/install/obstacle_detector/include/obstacle_detector/obstacle_detector/msg/detail/circle_obstacle__type_support.hpp
[36.337s] -- Up-to-date symlink: /home/hello-sungjun/ros2_ws/src/obstacle_detector/install/obstacle_detector/include/obstacle_detector/obstacle_detector/msg/detail/obstacles__builder.hpp
[36.337s] -- Up-to-date symlink: /home/hello-sungjun/ros2_ws/src/obstacle_detector/install/obstacle_detector/include/obstacle_detector/obstacle_detector/msg/detail/obstacles__struct.hpp
[36.338s] -- Up-to-date symlink: /home/hello-sungjun/ros2_ws/src/obstacle_detector/install/obstacle_detector/include/obstacle_detector/obstacle_detector/msg/detail/obstacles__traits.hpp
[36.338s] -- Up-to-date symlink: /home/hello-sungjun/ros2_ws/src/obstacle_detector/install/obstacle_detector/include/obstacle_detector/obstacle_detector/msg/detail/obstacles__type_support.hpp
[36.338s] -- Up-to-date symlink: /home/hello-sungjun/ros2_ws/src/obstacle_detector/install/obstacle_detector/include/obstacle_detector/obstacle_detector/msg/detail/segment_obstacle__builder.hpp
[36.338s] -- Up-to-date symlink: /home/hello-sungjun/ros2_ws/src/obstacle_detector/install/obstacle_detector/include/obstacle_detector/obstacle_detector/msg/detail/segment_obstacle__struct.hpp
[36.339s] -- Up-to-date symlink: /home/hello-sungjun/ros2_ws/src/obstacle_detector/install/obstacle_detector/include/obstacle_detector/obstacle_detector/msg/detail/segment_obstacle__traits.hpp
[36.339s] -- Up-to-date symlink: /home/hello-sungjun/ros2_ws/src/obstacle_detector/install/obstacle_detector/include/obstacle_detector/obstacle_detector/msg/detail/segment_obstacle__type_support.hpp
[36.339s] -- Up-to-date symlink: /home/hello-sungjun/ros2_ws/src/obstacle_detector/install/obstacle_detector/include/obstacle_detector/obstacle_detector/msg/obstacles.hpp
[36.339s] -- Up-to-date symlink: /home/hello-sungjun/ros2_ws/src/obstacle_detector/install/obstacle_detector/include/obstacle_detector/obstacle_detector/msg/rosidl_generator_cpp__visibility_control.hpp
[36.340s] -- Up-to-date symlink: /home/hello-sungjun/ros2_ws/src/obstacle_detector/install/obstacle_detector/include/obstacle_detector/obstacle_detector/msg/segment_obstacle.hpp
[36.341s] -- Up-to-date symlink: /home/hello-sungjun/ros2_ws/src/obstacle_detector/install/obstacle_detector/include/obstacle_detector/obstacle_detector/msg/detail/circle_obstacle__rosidl_typesupport_fastrtps_cpp.hpp
[36.341s] -- Up-to-date symlink: /home/hello-sungjun/ros2_ws/src/obstacle_detector/install/obstacle_detector/include/obstacle_detector/obstacle_detector/msg/detail/obstacles__rosidl_typesupport_fastrtps_cpp.hpp
[36.341s] -- Up-to-date symlink: /home/hello-sungjun/ros2_ws/src/obstacle_detector/install/obstacle_detector/include/obstacle_detector/obstacle_detector/msg/detail/segment_obstacle__rosidl_typesupport_fastrtps_cpp.hpp
[36.341s] -- Up-to-date symlink: /home/hello-sungjun/ros2_ws/src/obstacle_detector/install/obstacle_detector/include/obstacle_detector/obstacle_detector/msg/rosidl_typesupport_fastrtps_cpp__visibility_control.h
[36.342s] -- Up-to-date symlink: /home/hello-sungjun/ros2_ws/src/obstacle_detector/install/obstacle_detector/include/obstacle_detector/obstacle_detector/msg/detail/circle_obstacle__rosidl_typesupport_introspection_c.h
[36.342s] -- Up-to-date symlink: /home/hello-sungjun/ros2_ws/src/obstacle_detector/install/obstacle_detector/include/obstacle_detector/obstacle_detector/msg/detail/obstacles__rosidl_typesupport_introspection_c.h
[36.343s] -- Up-to-date symlink: /home/hello-sungjun/ros2_ws/src/obstacle_detector/install/obstacle_detector/include/obstacle_detector/obstacle_detector/msg/detail/segment_obstacle__rosidl_typesupport_introspection_c.h
[36.343s] -- Up-to-date symlink: /home/hello-sungjun/ros2_ws/src/obstacle_detector/install/obstacle_detector/include/obstacle_detector/obstacle_detector/msg/rosidl_typesupport_introspection_c__visibility_control.h
[36.344s] -- Up-to-date symlink: /home/hello-sungjun/ros2_ws/src/obstacle_detector/install/obstacle_detector/include/obstacle_detector/obstacle_detector/msg/detail/circle_obstacle__rosidl_typesupport_introspection_cpp.hpp
[36.344s] -- Up-to-date symlink: /home/hello-sungjun/ros2_ws/src/obstacle_detector/install/obstacle_detector/include/obstacle_detector/obstacle_detector/msg/detail/obstacles__rosidl_typesupport_introspection_cpp.hpp
[36.344s] -- Up-to-date symlink: /home/hello-sungjun/ros2_ws/src/obstacle_detector/install/obstacle_detector/include/obstacle_detector/obstacle_detector/msg/detail/segment_obstacle__rosidl_typesupport_introspection_cpp.hpp
[36.345s] -- Up-to-date symlink: /home/hello-sungjun/ros2_ws/src/obstacle_detector/install/obstacle_detector/share/obstacle_detector/environment/pythonpath.sh
[36.345s] -- Up-to-date symlink: /home/hello-sungjun/ros2_ws/src/obstacle_detector/install/obstacle_detector/share/obstacle_detector/environment/pythonpath.dsv
[36.346s] -- Up-to-date symlink: /home/hello-sungjun/ros2_ws/src/obstacle_detector/install/obstacle_detector/lib/python3.12/site-packages/obstacle_detector-1.0.0-py3.12.egg-info/PKG-INFO
[36.346s] -- Up-to-date symlink: /home/hello-sungjun/ros2_ws/src/obstacle_detector/install/obstacle_detector/lib/python3.12/site-packages/obstacle_detector-1.0.0-py3.12.egg-info/SOURCES.txt
[36.346s] -- Up-to-date symlink: /home/hello-sungjun/ros2_ws/src/obstacle_detector/install/obstacle_detector/lib/python3.12/site-packages/obstacle_detector-1.0.0-py3.12.egg-info/dependency_links.txt
[36.346s] -- Up-to-date symlink: /home/hello-sungjun/ros2_ws/src/obstacle_detector/install/obstacle_detector/lib/python3.12/site-packages/obstacle_detector-1.0.0-py3.12.egg-info/top_level.txt
[36.348s] -- Up-to-date symlink: /home/hello-sungjun/ros2_ws/src/obstacle_detector/install/obstacle_detector/lib/python3.12/site-packages/obstacle_detector/__init__.py
[36.348s] -- Up-to-date symlink: /home/hello-sungjun/ros2_ws/src/obstacle_detector/install/obstacle_detector/lib/python3.12/site-packages/obstacle_detector/_obstacle_detector_s.ep.rosidl_typesupport_c.c
[36.349s] -- Up-to-date symlink: /home/hello-sungjun/ros2_ws/src/obstacle_detector/install/obstacle_detector/lib/python3.12/site-packages/obstacle_detector/_obstacle_detector_s.ep.rosidl_typesupport_fastrtps_c.c
[36.349s] -- Up-to-date symlink: /home/hello-sungjun/ros2_ws/src/obstacle_detector/install/obstacle_detector/lib/python3.12/site-packages/obstacle_detector/_obstacle_detector_s.ep.rosidl_typesupport_introspection_c.c
[36.349s] -- Up-to-date symlink: /home/hello-sungjun/ros2_ws/src/obstacle_detector/install/obstacle_detector/lib/python3.12/site-packages/obstacle_detector/msg/__init__.py
[36.350s] -- Up-to-date symlink: /home/hello-sungjun/ros2_ws/src/obstacle_detector/install/obstacle_detector/lib/python3.12/site-packages/obstacle_detector/msg/_circle_obstacle.py
[36.350s] -- Up-to-date symlink: /home/hello-sungjun/ros2_ws/src/obstacle_detector/install/obstacle_detector/lib/python3.12/site-packages/obstacle_detector/msg/_circle_obstacle_s.c
[36.350s] -- Up-to-date symlink: /home/hello-sungjun/ros2_ws/src/obstacle_detector/install/obstacle_detector/lib/python3.12/site-packages/obstacle_detector/msg/_obstacles.py
[36.351s] -- Up-to-date symlink: /home/hello-sungjun/ros2_ws/src/obstacle_detector/install/obstacle_detector/lib/python3.12/site-packages/obstacle_detector/msg/_obstacles_s.c
[36.351s] -- Up-to-date symlink: /home/hello-sungjun/ros2_ws/src/obstacle_detector/install/obstacle_detector/lib/python3.12/site-packages/obstacle_detector/msg/_segment_obstacle.py
[36.351s] -- Up-to-date symlink: /home/hello-sungjun/ros2_ws/src/obstacle_detector/install/obstacle_detector/lib/python3.12/site-packages/obstacle_detector/msg/_segment_obstacle_s.c
[36.351s] -- Up-to-date symlink: /home/hello-sungjun/ros2_ws/src/obstacle_detector/install/obstacle_detector/lib/python3.12/site-packages/obstacle_detector/obstacle_detector_s__rosidl_typesupport_c.so
[36.352s] -- Up-to-date symlink: /home/hello-sungjun/ros2_ws/src/obstacle_detector/install/obstacle_detector/lib/python3.12/site-packages/obstacle_detector/obstacle_detector_s__rosidl_typesupport_fastrtps_c.so
[36.352s] -- Up-to-date symlink: /home/hello-sungjun/ros2_ws/src/obstacle_detector/install/obstacle_detector/lib/python3.12/site-packages/obstacle_detector/obstacle_detector_s__rosidl_typesupport_introspection_c.so
[36.352s] -- Up-to-date symlink: /home/hello-sungjun/ros2_ws/src/obstacle_detector/install/obstacle_detector/lib/python3.12/site-packages/obstacle_detector/obstacle_detector_s__rosidl_typesupport_fastrtps_c.so
[36.353s] -- Up-to-date symlink: /home/hello-sungjun/ros2_ws/src/obstacle_detector/install/obstacle_detector/lib/python3.12/site-packages/obstacle_detector/obstacle_detector_s__rosidl_typesupport_introspection_c.so
[36.353s] -- Up-to-date symlink: /home/hello-sungjun/ros2_ws/src/obstacle_detector/install/obstacle_detector/lib/python3.12/site-packages/obstacle_detector/obstacle_detector_s__rosidl_typesupport_c.so
[36.353s] -- Up-to-date symlink: /home/hello-sungjun/ros2_ws/src/obstacle_detector/install/obstacle_detector/share/obstacle_detector/msg/CircleObstacle.idl
[36.353s] -- Up-to-date symlink: /home/hello-sungjun/ros2_ws/src/obstacle_detector/install/obstacle_detector/share/obstacle_detector/msg/SegmentObstacle.idl
[36.354s] -- Up-to-date symlink: /home/hello-sungjun/ros2_ws/src/obstacle_detector/install/obstacle_detector/share/obstacle_detector/msg/Obstacles.idl
[36.354s] -- Up-to-date symlink: /home/hello-sungjun/ros2_ws/src/obstacle_detector/install/obstacle_detector/share/obstacle_detector/msg/CircleObstacle.msg
[36.354s] -- Up-to-date symlink: /home/hello-sungjun/ros2_ws/src/obstacle_detector/install/obstacle_detector/share/obstacle_detector/msg/SegmentObstacle.msg
[36.354s] -- Up-to-date symlink: /home/hello-sungjun/ros2_ws/src/obstacle_detector/install/obstacle_detector/share/obstacle_detector/msg/Obstacles.msg
[36.355s] -- Up-to-date symlink: /home/hello-sungjun/ros2_ws/src/obstacle_detector/install/obstacle_detector/lib/libobstacle_extractor.so
[36.355s] -- Up-to-date symlink: /home/hello-sungjun/ros2_ws/src/obstacle_detector/install/obstacle_detector/lib/obstacle_detector/obstacle_extractor_node
[36.356s] -- Up-to-date symlink: /home/hello-sungjun/ros2_ws/src/obstacle_detector/install/obstacle_detector/include/obstacle_detector/obstacle_extractor.hpp
[36.356s] -- Up-to-date symlink: /home/hello-sungjun/ros2_ws/src/obstacle_detector/install/obstacle_detector/include/obstacle_detector/utilities/circle.h
[36.356s] -- Up-to-date symlink: /home/hello-sungjun/ros2_ws/src/obstacle_detector/install/obstacle_detector/include/obstacle_detector/utilities/figure_fitting.h
[36.357s] -- Up-to-date symlink: /home/hello-sungjun/ros2_ws/src/obstacle_detector/install/obstacle_detector/include/obstacle_detector/utilities/kalman.h
[36.357s] -- Up-to-date symlink: /home/hello-sungjun/ros2_ws/src/obstacle_detector/install/obstacle_detector/include/obstacle_detector/utilities/math_utilities.h
[36.357s] -- Up-to-date symlink: /home/hello-sungjun/ros2_ws/src/obstacle_detector/install/obstacle_detector/include/obstacle_detector/utilities/point.h
[36.358s] -- Up-to-date symlink: /home/hello-sungjun/ros2_ws/src/obstacle_detector/install/obstacle_detector/include/obstacle_detector/utilities/point_set.h
[36.358s] -- Up-to-date symlink: /home/hello-sungjun/ros2_ws/src/obstacle_detector/install/obstacle_detector/include/obstacle_detector/utilities/segment.h
[36.358s] -- Up-to-date symlink: /home/hello-sungjun/ros2_ws/src/obstacle_detector/install/obstacle_detector/include/obstacle_detector/utilities/tracked_obstacle.h
[36.358s] -- Up-to-date symlink: /home/hello-sungjun/ros2_ws/src/obstacle_detector/install/obstacle_detector/share/obstacle_detector/launch/obstacle_extractor.launch.py
[36.359s] -- Up-to-date symlink: /home/hello-sungjun/ros2_ws/src/obstacle_detector/install/obstacle_detector/share/obstacle_detector/config/params.yaml
[36.359s] -- Up-to-date symlink: /home/hello-sungjun/ros2_ws/src/obstacle_detector/install/obstacle_detector/share/ament_index/resource_index/package_run_dependencies/obstacle_detector
[36.359s] -- Up-to-date symlink: /home/hello-sungjun/ros2_ws/src/obstacle_detector/install/obstacle_detector/share/ament_index/resource_index/parent_prefix_path/obstacle_detector
[36.360s] -- Up-to-date symlink: /home/hello-sungjun/ros2_ws/src/obstacle_detector/install/obstacle_detector/share/obstacle_detector/environment/ament_prefix_path.sh
[36.360s] -- Up-to-date symlink: /home/hello-sungjun/ros2_ws/src/obstacle_detector/install/obstacle_detector/share/obstacle_detector/environment/ament_prefix_path.dsv
[36.361s] -- Up-to-date symlink: /home/hello-sungjun/ros2_ws/src/obstacle_detector/install/obstacle_detector/share/obstacle_detector/environment/path.sh
[36.361s] -- Up-to-date symlink: /home/hello-sungjun/ros2_ws/src/obstacle_detector/install/obstacle_detector/share/obstacle_detector/environment/path.dsv
[36.361s] -- Up-to-date symlink: /home/hello-sungjun/ros2_ws/src/obstacle_detector/install/obstacle_detector/share/obstacle_detector/local_setup.bash
[36.362s] -- Up-to-date symlink: /home/hello-sungjun/ros2_ws/src/obstacle_detector/install/obstacle_detector/share/obstacle_detector/local_setup.sh
[36.362s] -- Up-to-date symlink: /home/hello-sungjun/ros2_ws/src/obstacle_detector/install/obstacle_detector/share/obstacle_detector/local_setup.zsh
[36.362s] -- Up-to-date symlink: /home/hello-sungjun/ros2_ws/src/obstacle_detector/install/obstacle_detector/share/obstacle_detector/local_setup.dsv
[36.363s] -- Symlinking: /home/hello-sungjun/ros2_ws/src/obstacle_detector/install/obstacle_detector/share/obstacle_detector/package.dsv
[36.379s] -- Up-to-date symlink: /home/hello-sungjun/ros2_ws/src/obstacle_detector/install/obstacle_detector/share/ament_index/resource_index/packages/obstacle_detector
[36.379s] -- Up-to-date symlink: /home/hello-sungjun/ros2_ws/src/obstacle_detector/install/obstacle_detector/share/obstacle_detector/cmake/rosidl_cmake-extras.cmake
[36.380s] -- Up-to-date symlink: /home/hello-sungjun/ros2_ws/src/obstacle_detector/install/obstacle_detector/share/obstacle_detector/cmake/ament_cmake_export_dependencies-extras.cmake
[36.380s] -- Up-to-date symlink: /home/hello-sungjun/ros2_ws/src/obstacle_detector/install/obstacle_detector/share/obstacle_detector/cmake/ament_cmake_export_include_directories-extras.cmake
[36.380s] -- Up-to-date symlink: /home/hello-sungjun/ros2_ws/src/obstacle_detector/install/obstacle_detector/share/obstacle_detector/cmake/ament_cmake_export_libraries-extras.cmake
[36.381s] -- Up-to-date symlink: /home/hello-sungjun/ros2_ws/src/obstacle_detector/install/obstacle_detector/share/obstacle_detector/cmake/ament_cmake_export_targets-extras.cmake
[36.381s] -- Up-to-date symlink: /home/hello-sungjun/ros2_ws/src/obstacle_detector/install/obstacle_detector/share/obstacle_detector/cmake/rosidl_cmake_export_typesupport_targets-extras.cmake
[36.381s] -- Up-to-date symlink: /home/hello-sungjun/ros2_ws/src/obstacle_detector/install/obstacle_detector/share/obstacle_detector/cmake/rosidl_cmake_export_typesupport_libraries-extras.cmake
[36.382s] -- Up-to-date symlink: /home/hello-sungjun/ros2_ws/src/obstacle_detector/install/obstacle_detector/share/obstacle_detector/cmake/obstacle_detectorConfig.cmake
[36.382s] -- Up-to-date symlink: /home/hello-sungjun/ros2_ws/src/obstacle_detector/install/obstacle_detector/share/obstacle_detector/cmake/obstacle_detectorConfig-version.cmake
[36.382s] -- Up-to-date symlink: /home/hello-sungjun/ros2_ws/src/obstacle_detector/install/obstacle_detector/share/obstacle_detector/package.xml
[36.383s] -- Up-to-date: /home/hello-sungjun/ros2_ws/src/obstacle_detector/install/obstacle_detector/lib/libobstacle_detector__rosidl_generator_c.so
[36.383s] -- Up-to-date: /home/hello-sungjun/ros2_ws/src/obstacle_detector/install/obstacle_detector/lib/libobstacle_detector__rosidl_typesupport_fastrtps_c.so
[36.384s] -- Up-to-date: /home/hello-sungjun/ros2_ws/src/obstacle_detector/install/obstacle_detector/lib/libobstacle_detector__rosidl_typesupport_fastrtps_cpp.so
[36.384s] -- Up-to-date: /home/hello-sungjun/ros2_ws/src/obstacle_detector/install/obstacle_detector/lib/libobstacle_detector__rosidl_typesupport_introspection_c.so
[36.385s] -- Up-to-date: /home/hello-sungjun/ros2_ws/src/obstacle_detector/install/obstacle_detector/lib/libobstacle_detector__rosidl_typesupport_c.so
[36.385s] -- Up-to-date: /home/hello-sungjun/ros2_ws/src/obstacle_detector/install/obstacle_detector/lib/libobstacle_detector__rosidl_typesupport_introspection_cpp.so
[36.385s] -- Up-to-date: /home/hello-sungjun/ros2_ws/src/obstacle_detector/install/obstacle_detector/lib/libobstacle_detector__rosidl_typesupport_cpp.so
[36.456s] Listing '/home/hello-sungjun/ros2_ws/src/obstacle_detector/install/obstacle_detector/lib/python3.12/site-packages/obstacle_detector'...
[36.456s] Compiling '/home/hello-sungjun/ros2_ws/src/obstacle_detector/install/obstacle_detector/lib/python3.12/site-packages/obstacle_detector/__init__.py'...
[36.456s] Listing '/home/hello-sungjun/ros2_ws/src/obstacle_detector/install/obstacle_detector/lib/python3.12/site-packages/obstacle_detector/msg'...
[36.467s] -- Up-to-date: /home/hello-sungjun/ros2_ws/src/obstacle_detector/install/obstacle_detector/lib/libobstacle_detector__rosidl_generator_py.so
[36.467s] -- Up-to-date: /home/hello-sungjun/ros2_ws/src/obstacle_detector/install/obstacle_detector/share/obstacle_detector/cmake/export_obstacle_detector__rosidl_generator_cExport.cmake
[36.468s] -- Up-to-date: /home/hello-sungjun/ros2_ws/src/obstacle_detector/install/obstacle_detector/share/obstacle_detector/cmake/export_obstacle_detector__rosidl_generator_cExport-noconfig.cmake
[36.468s] -- Up-to-date: /home/hello-sungjun/ros2_ws/src/obstacle_detector/install/obstacle_detector/share/obstacle_detector/cmake/export_obstacle_detector__rosidl_typesupport_fastrtps_cExport.cmake
[36.468s] -- Up-to-date: /home/hello-sungjun/ros2_ws/src/obstacle_detector/install/obstacle_detector/share/obstacle_detector/cmake/export_obstacle_detector__rosidl_typesupport_fastrtps_cExport-noconfig.cmake
[36.469s] -- Up-to-date: /home/hello-sungjun/ros2_ws/src/obstacle_detector/install/obstacle_detector/share/obstacle_detector/cmake/export_obstacle_detector__rosidl_generator_cppExport.cmake
[36.469s] -- Up-to-date: /home/hello-sungjun/ros2_ws/src/obstacle_detector/install/obstacle_detector/share/obstacle_detector/cmake/export_obstacle_detector__rosidl_typesupport_fastrtps_cppExport.cmake
[36.470s] -- Up-to-date: /home/hello-sungjun/ros2_ws/src/obstacle_detector/install/obstacle_detector/share/obstacle_detector/cmake/export_obstacle_detector__rosidl_typesupport_fastrtps_cppExport-noconfig.cmake
[36.470s] -- Up-to-date: /home/hello-sungjun/ros2_ws/src/obstacle_detector/install/obstacle_detector/share/obstacle_detector/cmake/obstacle_detector__rosidl_typesupport_introspection_cExport.cmake
[36.470s] -- Up-to-date: /home/hello-sungjun/ros2_ws/src/obstacle_detector/install/obstacle_detector/share/obstacle_detector/cmake/obstacle_detector__rosidl_typesupport_introspection_cExport-noconfig.cmake
[36.470s] -- Up-to-date: /home/hello-sungjun/ros2_ws/src/obstacle_detector/install/obstacle_detector/share/obstacle_detector/cmake/obstacle_detector__rosidl_typesupport_cExport.cmake
[36.471s] -- Up-to-date: /home/hello-sungjun/ros2_ws/src/obstacle_detector/install/obstacle_detector/share/obstacle_detector/cmake/obstacle_detector__rosidl_typesupport_cExport-noconfig.cmake
[36.471s] -- Up-to-date: /home/hello-sungjun/ros2_ws/src/obstacle_detector/install/obstacle_detector/share/obstacle_detector/cmake/obstacle_detector__rosidl_typesupport_introspection_cppExport.cmake
[36.471s] -- Up-to-date: /home/hello-sungjun/ros2_ws/src/obstacle_detector/install/obstacle_detector/share/obstacle_detector/cmake/obstacle_detector__rosidl_typesupport_introspection_cppExport-noconfig.cmake
[36.471s] -- Up-to-date: /home/hello-sungjun/ros2_ws/src/obstacle_detector/install/obstacle_detector/share/obstacle_detector/cmake/obstacle_detector__rosidl_typesupport_cppExport.cmake
[36.472s] -- Up-to-date: /home/hello-sungjun/ros2_ws/src/obstacle_detector/install/obstacle_detector/share/obstacle_detector/cmake/obstacle_detector__rosidl_typesupport_cppExport-noconfig.cmake
[36.472s] -- Up-to-date: /home/hello-sungjun/ros2_ws/src/obstacle_detector/install/obstacle_detector/share/obstacle_detector/cmake/export_obstacle_detector__rosidl_generator_pyExport.cmake
[36.472s] -- Up-to-date: /home/hello-sungjun/ros2_ws/src/obstacle_detector/install/obstacle_detector/share/obstacle_detector/cmake/export_obstacle_detector__rosidl_generator_pyExport-noconfig.cmake
[36.475s] Invoked command in '/home/hello-sungjun/ros2_ws/src/obstacle_detector/build/obstacle_detector' returned '0': CMAKE_PREFIX_PATH=${CMAKE_PREFIX_PATH}:/opt/ros/jazzy DEBUGINFOD_URLS=https://debuginfod.ubuntu.com /usr/bin/cmake --install /home/hello-sungjun/ros2_ws/src/obstacle_detector/build/obstacle_detector
