[  1%] Built target obstacle_detector__rosidl_generator_type_description
[  1%] Built target ament_cmake_python_symlink_obstacle_detector
[  3%] Built target obstacle_detector__cpp
[ 22%] Built target obstacle_detector__rosidl_generator_c
[ 31%] Built target obstacle_detector__rosidl_typesupport_c
[ 39%] Built target obstacle_detector__rosidl_typesupport_introspection_c
[ 48%] Built target obstacle_detector__rosidl_typesupport_cpp
[ 56%] Built target obstacle_detector__rosidl_typesupport_fastrtps_c
[ 68%] Built target obstacle_detector__rosidl_typesupport_fastrtps_cpp
[ 74%] Built target obstacle_detector__rosidl_typesupport_introspection_cpp
[ 74%] Built target obstacle_detector
[ 75%] [32mBuilding CXX object CMakeFiles/obstacle_extractor.dir/src/obstacle_extractor.cpp.o[0m
[ 77%] Built target obstacle_detector__py
[ 84%] Built target obstacle_detector__rosidl_generator_py
[ 91%] Built target obstacle_detector_s__rosidl_typesupport_introspection_c
[ 91%] Built target obstacle_detector_s__rosidl_typesupport_fastrtps_c
[ 94%] Built target obstacle_detector_s__rosidl_typesupport_c
running egg_info
writing obstacle_detector.egg-info/PKG-INFO
writing dependency_links to obstacle_detector.egg-info/dependency_links.txt
writing top-level names to obstacle_detector.egg-info/top_level.txt
reading manifest file 'obstacle_detector.egg-info/SOURCES.txt'
writing manifest file 'obstacle_detector.egg-info/SOURCES.txt'
[ 94%] Built target ament_cmake_python_build_obstacle_detector_egg
In file included from [01m[K/home/hello-sungjun/ros2_ws/src/obstacle_detector/include/obstacle_detector/obstacle_extractor.hpp:26[m[K,
                 from [01m[K/home/hello-sungjun/ros2_ws/src/obstacle_detector/src/obstacle_extractor.cpp:5[m[K:
[01m[K/home/hello-sungjun/ros2_ws/src/obstacle_detector/include/obstacle_detector/utilities/segment.h:[m[K In member function ‘[01m[Kobstacle_detector::Point obstacle_detector::Segment::[01;32m[KtrueProjection[m[K(const obstacle_detector::Point&) const[m[K’:
[01m[K/home/hello-sungjun/ros2_ws/src/obstacle_detector/include/obstacle_detector/utilities/segment.h:78:11:[m[K [01;35m[Kwarning: [m[Kvariable ‘[01m[Kc[m[K’ set but not used [[01;35m[K]8;;https://gcc.gnu.org/onlinedocs/gcc/Warning-Options.html#index-Wunused-but-set-variable-Wunused-but-set-variable]8;;[m[K]
   78 |     Point [01;35m[Kc[m[K = p - last_point;
      |           [01;35m[K^[m[K
[ 96%] [32m[1mLinking CXX shared library libobstacle_extractor.so[0m
[ 96%] Built target obstacle_extractor
[ 98%] [32m[1mLinking CXX executable obstacle_extractor_node[0m
[100%] Built target obstacle_extractor_node
-- Install configuration: ""
-- Execute custom install script
-- Symlinking: /home/hello-sungjun/ros2_ws/src/obstacle_detector/install/obstacle_detector/share/ament_index/resource_index/rosidl_interfaces/obstacle_detector
-- Symlinking: /home/hello-sungjun/ros2_ws/src/obstacle_detector/install/obstacle_detector/share/obstacle_detector/msg/CircleObstacle.json
-- Symlinking: /home/hello-sungjun/ros2_ws/src/obstacle_detector/install/obstacle_detector/share/obstacle_detector/msg/SegmentObstacle.json
-- Symlinking: /home/hello-sungjun/ros2_ws/src/obstacle_detector/install/obstacle_detector/share/obstacle_detector/msg/Obstacles.json
-- Symlinking: /home/hello-sungjun/ros2_ws/src/obstacle_detector/install/obstacle_detector/include/obstacle_detector/obstacle_detector/msg/circle_obstacle.h
-- Symlinking: /home/hello-sungjun/ros2_ws/src/obstacle_detector/install/obstacle_detector/include/obstacle_detector/obstacle_detector/msg/detail/circle_obstacle__functions.h
-- Symlinking: /home/hello-sungjun/ros2_ws/src/obstacle_detector/install/obstacle_detector/include/obstacle_detector/obstacle_detector/msg/detail/circle_obstacle__struct.h
-- Symlinking: /home/hello-sungjun/ros2_ws/src/obstacle_detector/install/obstacle_detector/include/obstacle_detector/obstacle_detector/msg/detail/circle_obstacle__type_support.h
-- Symlinking: /home/hello-sungjun/ros2_ws/src/obstacle_detector/install/obstacle_detector/include/obstacle_detector/obstacle_detector/msg/detail/obstacles__functions.h
-- Symlinking: /home/hello-sungjun/ros2_ws/src/obstacle_detector/install/obstacle_detector/include/obstacle_detector/obstacle_detector/msg/detail/obstacles__struct.h
-- Symlinking: /home/hello-sungjun/ros2_ws/src/obstacle_detector/install/obstacle_detector/include/obstacle_detector/obstacle_detector/msg/detail/obstacles__type_support.h
-- Symlinking: /home/hello-sungjun/ros2_ws/src/obstacle_detector/install/obstacle_detector/include/obstacle_detector/obstacle_detector/msg/detail/segment_obstacle__functions.h
-- Symlinking: /home/hello-sungjun/ros2_ws/src/obstacle_detector/install/obstacle_detector/include/obstacle_detector/obstacle_detector/msg/detail/segment_obstacle__struct.h
-- Symlinking: /home/hello-sungjun/ros2_ws/src/obstacle_detector/install/obstacle_detector/include/obstacle_detector/obstacle_detector/msg/detail/segment_obstacle__type_support.h
-- Symlinking: /home/hello-sungjun/ros2_ws/src/obstacle_detector/install/obstacle_detector/include/obstacle_detector/obstacle_detector/msg/obstacles.h
-- Symlinking: /home/hello-sungjun/ros2_ws/src/obstacle_detector/install/obstacle_detector/include/obstacle_detector/obstacle_detector/msg/rosidl_generator_c__visibility_control.h
-- Symlinking: /home/hello-sungjun/ros2_ws/src/obstacle_detector/install/obstacle_detector/include/obstacle_detector/obstacle_detector/msg/segment_obstacle.h
-- Symlinking: /home/hello-sungjun/ros2_ws/src/obstacle_detector/install/obstacle_detector/share/obstacle_detector/environment/library_path.sh
-- Symlinking: /home/hello-sungjun/ros2_ws/src/obstacle_detector/install/obstacle_detector/share/obstacle_detector/environment/library_path.dsv
-- Symlinking: /home/hello-sungjun/ros2_ws/src/obstacle_detector/install/obstacle_detector/include/obstacle_detector/obstacle_detector/msg/detail/circle_obstacle__rosidl_typesupport_fastrtps_c.h
-- Symlinking: /home/hello-sungjun/ros2_ws/src/obstacle_detector/install/obstacle_detector/include/obstacle_detector/obstacle_detector/msg/detail/obstacles__rosidl_typesupport_fastrtps_c.h
-- Symlinking: /home/hello-sungjun/ros2_ws/src/obstacle_detector/install/obstacle_detector/include/obstacle_detector/obstacle_detector/msg/detail/segment_obstacle__rosidl_typesupport_fastrtps_c.h
-- Symlinking: /home/hello-sungjun/ros2_ws/src/obstacle_detector/install/obstacle_detector/include/obstacle_detector/obstacle_detector/msg/rosidl_typesupport_fastrtps_c__visibility_control.h
-- Symlinking: /home/hello-sungjun/ros2_ws/src/obstacle_detector/install/obstacle_detector/include/obstacle_detector/obstacle_detector/msg/circle_obstacle.hpp
-- Symlinking: /home/hello-sungjun/ros2_ws/src/obstacle_detector/install/obstacle_detector/include/obstacle_detector/obstacle_detector/msg/detail/circle_obstacle__builder.hpp
-- Symlinking: /home/hello-sungjun/ros2_ws/src/obstacle_detector/install/obstacle_detector/include/obstacle_detector/obstacle_detector/msg/detail/circle_obstacle__struct.hpp
-- Symlinking: /home/hello-sungjun/ros2_ws/src/obstacle_detector/install/obstacle_detector/include/obstacle_detector/obstacle_detector/msg/detail/circle_obstacle__traits.hpp
-- Symlinking: /home/hello-sungjun/ros2_ws/src/obstacle_detector/install/obstacle_detector/include/obstacle_detector/obstacle_detector/msg/detail/circle_obstacle__type_support.hpp
-- Symlinking: /home/hello-sungjun/ros2_ws/src/obstacle_detector/install/obstacle_detector/include/obstacle_detector/obstacle_detector/msg/detail/obstacles__builder.hpp
-- Symlinking: /home/hello-sungjun/ros2_ws/src/obstacle_detector/install/obstacle_detector/include/obstacle_detector/obstacle_detector/msg/detail/obstacles__struct.hpp
-- Symlinking: /home/hello-sungjun/ros2_ws/src/obstacle_detector/install/obstacle_detector/include/obstacle_detector/obstacle_detector/msg/detail/obstacles__traits.hpp
-- Symlinking: /home/hello-sungjun/ros2_ws/src/obstacle_detector/install/obstacle_detector/include/obstacle_detector/obstacle_detector/msg/detail/obstacles__type_support.hpp
-- Symlinking: /home/hello-sungjun/ros2_ws/src/obstacle_detector/install/obstacle_detector/include/obstacle_detector/obstacle_detector/msg/detail/segment_obstacle__builder.hpp
-- Symlinking: /home/hello-sungjun/ros2_ws/src/obstacle_detector/install/obstacle_detector/include/obstacle_detector/obstacle_detector/msg/detail/segment_obstacle__struct.hpp
-- Symlinking: /home/hello-sungjun/ros2_ws/src/obstacle_detector/install/obstacle_detector/include/obstacle_detector/obstacle_detector/msg/detail/segment_obstacle__traits.hpp
-- Symlinking: /home/hello-sungjun/ros2_ws/src/obstacle_detector/install/obstacle_detector/include/obstacle_detector/obstacle_detector/msg/detail/segment_obstacle__type_support.hpp
-- Symlinking: /home/hello-sungjun/ros2_ws/src/obstacle_detector/install/obstacle_detector/include/obstacle_detector/obstacle_detector/msg/obstacles.hpp
-- Symlinking: /home/hello-sungjun/ros2_ws/src/obstacle_detector/install/obstacle_detector/include/obstacle_detector/obstacle_detector/msg/rosidl_generator_cpp__visibility_control.hpp
-- Symlinking: /home/hello-sungjun/ros2_ws/src/obstacle_detector/install/obstacle_detector/include/obstacle_detector/obstacle_detector/msg/segment_obstacle.hpp
-- Symlinking: /home/hello-sungjun/ros2_ws/src/obstacle_detector/install/obstacle_detector/include/obstacle_detector/obstacle_detector/msg/detail/circle_obstacle__rosidl_typesupport_fastrtps_cpp.hpp
-- Symlinking: /home/hello-sungjun/ros2_ws/src/obstacle_detector/install/obstacle_detector/include/obstacle_detector/obstacle_detector/msg/detail/obstacles__rosidl_typesupport_fastrtps_cpp.hpp
-- Symlinking: /home/hello-sungjun/ros2_ws/src/obstacle_detector/install/obstacle_detector/include/obstacle_detector/obstacle_detector/msg/detail/segment_obstacle__rosidl_typesupport_fastrtps_cpp.hpp
-- Symlinking: /home/hello-sungjun/ros2_ws/src/obstacle_detector/install/obstacle_detector/include/obstacle_detector/obstacle_detector/msg/rosidl_typesupport_fastrtps_cpp__visibility_control.h
-- Symlinking: /home/hello-sungjun/ros2_ws/src/obstacle_detector/install/obstacle_detector/include/obstacle_detector/obstacle_detector/msg/detail/circle_obstacle__rosidl_typesupport_introspection_c.h
-- Symlinking: /home/hello-sungjun/ros2_ws/src/obstacle_detector/install/obstacle_detector/include/obstacle_detector/obstacle_detector/msg/detail/obstacles__rosidl_typesupport_introspection_c.h
-- Symlinking: /home/hello-sungjun/ros2_ws/src/obstacle_detector/install/obstacle_detector/include/obstacle_detector/obstacle_detector/msg/detail/segment_obstacle__rosidl_typesupport_introspection_c.h
-- Symlinking: /home/hello-sungjun/ros2_ws/src/obstacle_detector/install/obstacle_detector/include/obstacle_detector/obstacle_detector/msg/rosidl_typesupport_introspection_c__visibility_control.h
-- Symlinking: /home/hello-sungjun/ros2_ws/src/obstacle_detector/install/obstacle_detector/include/obstacle_detector/obstacle_detector/msg/detail/circle_obstacle__rosidl_typesupport_introspection_cpp.hpp
-- Symlinking: /home/hello-sungjun/ros2_ws/src/obstacle_detector/install/obstacle_detector/include/obstacle_detector/obstacle_detector/msg/detail/obstacles__rosidl_typesupport_introspection_cpp.hpp
-- Symlinking: /home/hello-sungjun/ros2_ws/src/obstacle_detector/install/obstacle_detector/include/obstacle_detector/obstacle_detector/msg/detail/segment_obstacle__rosidl_typesupport_introspection_cpp.hpp
-- Symlinking: /home/hello-sungjun/ros2_ws/src/obstacle_detector/install/obstacle_detector/share/obstacle_detector/environment/pythonpath.sh
-- Symlinking: /home/hello-sungjun/ros2_ws/src/obstacle_detector/install/obstacle_detector/share/obstacle_detector/environment/pythonpath.dsv
-- Symlinking: /home/hello-sungjun/ros2_ws/src/obstacle_detector/install/obstacle_detector/lib/python3.12/site-packages/obstacle_detector-1.0.0-py3.12.egg-info/PKG-INFO
-- Symlinking: /home/hello-sungjun/ros2_ws/src/obstacle_detector/install/obstacle_detector/lib/python3.12/site-packages/obstacle_detector-1.0.0-py3.12.egg-info/SOURCES.txt
-- Symlinking: /home/hello-sungjun/ros2_ws/src/obstacle_detector/install/obstacle_detector/lib/python3.12/site-packages/obstacle_detector-1.0.0-py3.12.egg-info/dependency_links.txt
-- Symlinking: /home/hello-sungjun/ros2_ws/src/obstacle_detector/install/obstacle_detector/lib/python3.12/site-packages/obstacle_detector-1.0.0-py3.12.egg-info/top_level.txt
-- Symlinking: /home/hello-sungjun/ros2_ws/src/obstacle_detector/install/obstacle_detector/lib/python3.12/site-packages/obstacle_detector/__init__.py
-- Symlinking: /home/hello-sungjun/ros2_ws/src/obstacle_detector/install/obstacle_detector/lib/python3.12/site-packages/obstacle_detector/_obstacle_detector_s.ep.rosidl_typesupport_c.c
-- Symlinking: /home/hello-sungjun/ros2_ws/src/obstacle_detector/install/obstacle_detector/lib/python3.12/site-packages/obstacle_detector/_obstacle_detector_s.ep.rosidl_typesupport_fastrtps_c.c
-- Symlinking: /home/hello-sungjun/ros2_ws/src/obstacle_detector/install/obstacle_detector/lib/python3.12/site-packages/obstacle_detector/_obstacle_detector_s.ep.rosidl_typesupport_introspection_c.c
-- Symlinking: /home/hello-sungjun/ros2_ws/src/obstacle_detector/install/obstacle_detector/lib/python3.12/site-packages/obstacle_detector/msg/__init__.py
-- Symlinking: /home/hello-sungjun/ros2_ws/src/obstacle_detector/install/obstacle_detector/lib/python3.12/site-packages/obstacle_detector/msg/_circle_obstacle.py
-- Symlinking: /home/hello-sungjun/ros2_ws/src/obstacle_detector/install/obstacle_detector/lib/python3.12/site-packages/obstacle_detector/msg/_circle_obstacle_s.c
-- Symlinking: /home/hello-sungjun/ros2_ws/src/obstacle_detector/install/obstacle_detector/lib/python3.12/site-packages/obstacle_detector/msg/_obstacles.py
-- Symlinking: /home/hello-sungjun/ros2_ws/src/obstacle_detector/install/obstacle_detector/lib/python3.12/site-packages/obstacle_detector/msg/_obstacles_s.c
-- Symlinking: /home/hello-sungjun/ros2_ws/src/obstacle_detector/install/obstacle_detector/lib/python3.12/site-packages/obstacle_detector/msg/_segment_obstacle.py
-- Symlinking: /home/hello-sungjun/ros2_ws/src/obstacle_detector/install/obstacle_detector/lib/python3.12/site-packages/obstacle_detector/msg/_segment_obstacle_s.c
-- Symlinking: /home/hello-sungjun/ros2_ws/src/obstacle_detector/install/obstacle_detector/lib/python3.12/site-packages/obstacle_detector/obstacle_detector_s__rosidl_typesupport_c.so
-- Symlinking: /home/hello-sungjun/ros2_ws/src/obstacle_detector/install/obstacle_detector/lib/python3.12/site-packages/obstacle_detector/obstacle_detector_s__rosidl_typesupport_fastrtps_c.so
-- Symlinking: /home/hello-sungjun/ros2_ws/src/obstacle_detector/install/obstacle_detector/lib/python3.12/site-packages/obstacle_detector/obstacle_detector_s__rosidl_typesupport_introspection_c.so
-- Up-to-date symlink: /home/hello-sungjun/ros2_ws/src/obstacle_detector/install/obstacle_detector/lib/python3.12/site-packages/obstacle_detector/obstacle_detector_s__rosidl_typesupport_fastrtps_c.so
-- Up-to-date symlink: /home/hello-sungjun/ros2_ws/src/obstacle_detector/install/obstacle_detector/lib/python3.12/site-packages/obstacle_detector/obstacle_detector_s__rosidl_typesupport_introspection_c.so
-- Up-to-date symlink: /home/hello-sungjun/ros2_ws/src/obstacle_detector/install/obstacle_detector/lib/python3.12/site-packages/obstacle_detector/obstacle_detector_s__rosidl_typesupport_c.so
-- Symlinking: /home/hello-sungjun/ros2_ws/src/obstacle_detector/install/obstacle_detector/share/obstacle_detector/msg/CircleObstacle.idl
-- Symlinking: /home/hello-sungjun/ros2_ws/src/obstacle_detector/install/obstacle_detector/share/obstacle_detector/msg/SegmentObstacle.idl
-- Symlinking: /home/hello-sungjun/ros2_ws/src/obstacle_detector/install/obstacle_detector/share/obstacle_detector/msg/Obstacles.idl
-- Symlinking: /home/hello-sungjun/ros2_ws/src/obstacle_detector/install/obstacle_detector/share/obstacle_detector/msg/CircleObstacle.msg
-- Symlinking: /home/hello-sungjun/ros2_ws/src/obstacle_detector/install/obstacle_detector/share/obstacle_detector/msg/SegmentObstacle.msg
-- Symlinking: /home/hello-sungjun/ros2_ws/src/obstacle_detector/install/obstacle_detector/share/obstacle_detector/msg/Obstacles.msg
-- Symlinking: /home/hello-sungjun/ros2_ws/src/obstacle_detector/install/obstacle_detector/lib/libobstacle_extractor.so
-- Symlinking: /home/hello-sungjun/ros2_ws/src/obstacle_detector/install/obstacle_detector/lib/obstacle_detector/obstacle_extractor_node
-- Symlinking: /home/hello-sungjun/ros2_ws/src/obstacle_detector/install/obstacle_detector/include/obstacle_detector/obstacle_extractor.hpp
-- Symlinking: /home/hello-sungjun/ros2_ws/src/obstacle_detector/install/obstacle_detector/include/obstacle_detector/utilities/circle.h
-- Symlinking: /home/hello-sungjun/ros2_ws/src/obstacle_detector/install/obstacle_detector/include/obstacle_detector/utilities/figure_fitting.h
-- Symlinking: /home/hello-sungjun/ros2_ws/src/obstacle_detector/install/obstacle_detector/include/obstacle_detector/utilities/kalman.h
-- Symlinking: /home/hello-sungjun/ros2_ws/src/obstacle_detector/install/obstacle_detector/include/obstacle_detector/utilities/math_utilities.h
-- Symlinking: /home/hello-sungjun/ros2_ws/src/obstacle_detector/install/obstacle_detector/include/obstacle_detector/utilities/point.h
-- Symlinking: /home/hello-sungjun/ros2_ws/src/obstacle_detector/install/obstacle_detector/include/obstacle_detector/utilities/point_set.h
-- Symlinking: /home/hello-sungjun/ros2_ws/src/obstacle_detector/install/obstacle_detector/include/obstacle_detector/utilities/segment.h
-- Symlinking: /home/hello-sungjun/ros2_ws/src/obstacle_detector/install/obstacle_detector/include/obstacle_detector/utilities/tracked_obstacle.h
-- Symlinking: /home/hello-sungjun/ros2_ws/src/obstacle_detector/install/obstacle_detector/share/obstacle_detector/launch/obstacle_extractor.launch.py
[31mCMake Error at ament_cmake_symlink_install/ament_cmake_symlink_install.cmake:100 (message):
  ament_cmake_symlink_install_directory() can't find
  '/home/hello-sungjun/ros2_ws/src/obstacle_detector/config'
Call Stack (most recent call first):
  ament_cmake_symlink_install/ament_cmake_symlink_install.cmake:395 (ament_cmake_symlink_install_directory)
  cmake_install.cmake:46 (include)

[0m
